Connecting to database specified by database.yml
Connecting to database specified by database.yml
  [1m[36m (0.5ms)[0m  [1mselect sqlite_version(*)[0m
  [1m[35m (1.0ms)[0m  CREATE TABLE "schema_migrations" ("version" varchar(255) NOT NULL) 
  [1m[36m (0.9ms)[0m  [1mCREATE UNIQUE INDEX "unique_schema_migrations" ON "schema_migrations" ("version")[0m
  [1m[35m (3.4ms)[0m  SELECT "schema_migrations"."version" FROM "schema_migrations" 
Migrating to CreateVoters (20130525192745)
  [1m[36m (0.0ms)[0m  [1mbegin transaction[0m
  [1m[35m (0.5ms)[0m  CREATE TABLE "voters" ("id" INTEGER PRIMARY KEY AUTOINCREMENT NOT NULL, "LastName" varchar(255), "FirstName" varchar(255), "MiddleName" varchar(255), "SuffixName" varchar(255), "PrimaryAddress" varchar(255), "PrimaryCity" varchar(255), "PrimaryState" varchar(255), "PrimaryZip" varchar(255), "PrimaryZip4" varchar(255), "PrimaryOddEvenCode" varchar(255), "PrimaryPhone" varchar(255), "Gender" varchar(255), "PartyCode" varchar(255), "VoterScore" varchar(255), "CDName" varchar(255), "LDName" varchar(255), "PrecinctNumber" varchar(255), "PrecinctName" varchar(255), "VoterKey" varchar(255), "HHRecId" varchar(255), "StateVoterId" varchar(255), "created_at" datetime NOT NULL, "updated_at" datetime NOT NULL) 
  [1m[36m (0.2ms)[0m  [1mINSERT INTO "schema_migrations" ("version") VALUES ('20130525192745')[0m
  [1m[35m (0.9ms)[0m  commit transaction
  [1m[36m (0.1ms)[0m  [1mSELECT "schema_migrations"."version" FROM "schema_migrations" [0m
Connecting to database specified by database.yml
Connecting to database specified by database.yml
Connecting to database specified by database.yml
Connecting to database specified by database.yml
Connecting to database specified by database.yml
  [1m[36m (1.9ms)[0m  [1mSELECT "schema_migrations"."version" FROM "schema_migrations" [0m
Migrating to CreateVoters (20130525192745)
Migrating to DeviseCreateAdminUsers (20130525193514)
  [1m[35m (0.0ms)[0m  select sqlite_version(*)
  [1m[36m (0.0ms)[0m  [1mbegin transaction[0m
  [1m[35m (0.6ms)[0m  CREATE TABLE "admin_users" ("id" INTEGER PRIMARY KEY AUTOINCREMENT NOT NULL, "email" varchar(255) DEFAULT '' NOT NULL, "encrypted_password" varchar(255) DEFAULT '' NOT NULL, "reset_password_token" varchar(255), "reset_password_sent_at" datetime, "remember_created_at" datetime, "sign_in_count" integer DEFAULT 0, "current_sign_in_at" datetime, "last_sign_in_at" datetime, "current_sign_in_ip" varchar(255), "last_sign_in_ip" varchar(255), "created_at" datetime NOT NULL, "updated_at" datetime NOT NULL) 
  [1m[36m (0.5ms)[0m  [1mCREATE UNIQUE INDEX "index_admin_users_on_email" ON "admin_users" ("email")[0m
  [1m[35m (0.1ms)[0m  CREATE UNIQUE INDEX "index_admin_users_on_reset_password_token" ON "admin_users" ("reset_password_token")
  [1m[36mAdminUser Exists (0.1ms)[0m  [1mSELECT 1 AS one FROM "admin_users" WHERE "admin_users"."email" = 'admin@example.com' LIMIT 1[0m
Binary data inserted for `string` type on column `encrypted_password`
  [1m[35mSQL (2.7ms)[0m  INSERT INTO "admin_users" ("created_at", "current_sign_in_at", "current_sign_in_ip", "email", "encrypted_password", "last_sign_in_at", "last_sign_in_ip", "remember_created_at", "reset_password_sent_at", "reset_password_token", "sign_in_count", "updated_at") VALUES (?, ?, ?, ?, ?, ?, ?, ?, ?, ?, ?, ?)  [["created_at", Sat, 25 May 2013 19:36:52 UTC +00:00], ["current_sign_in_at", nil], ["current_sign_in_ip", nil], ["email", "admin@example.com"], ["encrypted_password", "$2a$10$3MgZFJ2Za/cNCWtx65UVY.lHjayPF/imCuD0V83HRYqqBO5sORxv6"], ["last_sign_in_at", nil], ["last_sign_in_ip", nil], ["remember_created_at", nil], ["reset_password_sent_at", nil], ["reset_password_token", nil], ["sign_in_count", 0], ["updated_at", Sat, 25 May 2013 19:36:52 UTC +00:00]]
  [1m[36m (0.1ms)[0m  [1mINSERT INTO "schema_migrations" ("version") VALUES ('20130525193514')[0m
  [1m[35m (1.1ms)[0m  commit transaction
Migrating to CreateAdminNotes (20130525193517)
  [1m[36m (0.0ms)[0m  [1mbegin transaction[0m
  [1m[35m (0.4ms)[0m  CREATE TABLE "admin_notes" ("id" INTEGER PRIMARY KEY AUTOINCREMENT NOT NULL, "resource_id" varchar(255) NOT NULL, "resource_type" varchar(255) NOT NULL, "admin_user_id" integer, "admin_user_type" varchar(255), "body" text, "created_at" datetime NOT NULL, "updated_at" datetime NOT NULL) 
  [1m[36m (0.1ms)[0m  [1mCREATE INDEX "index_admin_notes_on_resource_type_and_resource_id" ON "admin_notes" ("resource_type", "resource_id")[0m
  [1m[35m (0.1ms)[0m  CREATE INDEX "index_admin_notes_on_admin_user_type_and_admin_user_id" ON "admin_notes" ("admin_user_type", "admin_user_id")
  [1m[36m (0.1ms)[0m  [1mINSERT INTO "schema_migrations" ("version") VALUES ('20130525193517')[0m
  [1m[35m (0.7ms)[0m  commit transaction
Migrating to MoveAdminNotesToComments (20130525193518)
  [1m[36m (0.0ms)[0m  [1mbegin transaction[0m
  [1m[35m (0.3ms)[0m  DROP INDEX "index_admin_notes_on_admin_user_type_and_admin_user_id"
  [1m[36m (0.7ms)[0m  [1mALTER TABLE "admin_notes" RENAME TO "active_admin_comments"[0m
  [1m[35m (0.6ms)[0m  CREATE TEMPORARY TABLE "altered_active_admin_comments" ("id" INTEGER PRIMARY KEY AUTOINCREMENT NOT NULL, "resource_id" varchar(255) NOT NULL, "resource_type" varchar(255) NOT NULL, "admin_user_id" integer, "author_type" varchar(255), "body" text, "created_at" datetime NOT NULL, "updated_at" datetime NOT NULL) 
  [1m[36m (0.2ms)[0m  [1mCREATE INDEX "temp_index_admin_notes_on_resource_type_and_resource_id" ON "altered_active_admin_comments" ("resource_type", "resource_id")[0m
  [1m[35m (0.0ms)[0m  SELECT * FROM "active_admin_comments"
  [1m[36m (0.7ms)[0m  [1mDROP TABLE "active_admin_comments"[0m
  [1m[35m (0.1ms)[0m  CREATE TABLE "active_admin_comments" ("id" INTEGER PRIMARY KEY AUTOINCREMENT NOT NULL, "resource_id" varchar(255) NOT NULL, "resource_type" varchar(255) NOT NULL, "admin_user_id" integer, "author_type" varchar(255), "body" text, "created_at" datetime NOT NULL, "updated_at" datetime NOT NULL) 
  [1m[36m (0.1ms)[0m  [1mCREATE INDEX "index_admin_notes_on_resource_type_and_resource_id" ON "active_admin_comments" ("resource_type", "resource_id")[0m
  [1m[35m (0.0ms)[0m  SELECT * FROM "altered_active_admin_comments"
  [1m[36m (0.2ms)[0m  [1mDROP TABLE "altered_active_admin_comments"[0m
  [1m[35m (0.1ms)[0m  CREATE TEMPORARY TABLE "altered_active_admin_comments" ("id" INTEGER PRIMARY KEY AUTOINCREMENT NOT NULL, "resource_id" varchar(255) NOT NULL, "resource_type" varchar(255) NOT NULL, "author_id" integer, "author_type" varchar(255), "body" text, "created_at" datetime NOT NULL, "updated_at" datetime NOT NULL) 
  [1m[36m (0.1ms)[0m  [1mCREATE INDEX "temp_index_admin_notes_on_resource_type_and_resource_id" ON "altered_active_admin_comments" ("resource_type", "resource_id")[0m
  [1m[35m (0.0ms)[0m  SELECT * FROM "active_admin_comments"
  [1m[36m (0.1ms)[0m  [1mDROP TABLE "active_admin_comments"[0m
  [1m[35m (0.1ms)[0m  CREATE TABLE "active_admin_comments" ("id" INTEGER PRIMARY KEY AUTOINCREMENT NOT NULL, "resource_id" varchar(255) NOT NULL, "resource_type" varchar(255) NOT NULL, "author_id" integer, "author_type" varchar(255), "body" text, "created_at" datetime NOT NULL, "updated_at" datetime NOT NULL) 
  [1m[36m (0.2ms)[0m  [1mCREATE INDEX "index_admin_notes_on_resource_type_and_resource_id" ON "active_admin_comments" ("resource_type", "resource_id")[0m
  [1m[35m (0.1ms)[0m  SELECT * FROM "altered_active_admin_comments"
  [1m[36m (0.1ms)[0m  [1mDROP TABLE "altered_active_admin_comments"[0m
  [1m[35m (0.2ms)[0m  ALTER TABLE "active_admin_comments" ADD "namespace" varchar(255)
  [1m[36m (0.1ms)[0m  [1mCREATE INDEX "index_active_admin_comments_on_namespace" ON "active_admin_comments" ("namespace")[0m
  [1m[35m (0.1ms)[0m  CREATE INDEX "index_active_admin_comments_on_author_type_and_author_id" ON "active_admin_comments" ("author_type", "author_id")
  [1m[36m (0.1ms)[0m  [1mUPDATE active_admin_comments SET namespace='admin'[0m
  [1m[35m (0.1ms)[0m  INSERT INTO "schema_migrations" ("version") VALUES ('20130525193518')
  [1m[36m (1.2ms)[0m  [1mcommit transaction[0m
  [1m[35m (0.1ms)[0m  SELECT "schema_migrations"."version" FROM "schema_migrations" 
Connecting to database specified by database.yml


Started GET "/assets/rails.png" for 127.0.0.1 at 2013-05-25 15:38:11 -0400
Served asset /rails.png - 200 OK (5ms)


Started GET "/assets/rails.png" for 127.0.0.1 at 2013-05-25 15:38:12 -0400
Served asset /rails.png - 304 Not Modified (0ms)


Started GET "/admin" for 127.0.0.1 at 2013-05-25 15:38:14 -0400
Processing by Admin::DashboardController#index as HTML
Completed 401 Unauthorized in 2ms


Started GET "/admin/login" for 127.0.0.1 at 2013-05-25 15:38:14 -0400
Processing by ActiveAdmin::Devise::SessionsController#new as HTML
  Rendered /Users/ericcumbee/.rvm/gems/ruby-1.9.3-p392/gems/activeadmin-0.6.0/app/views/active_admin/devise/shared/_links.erb (1.3ms)
  Rendered /Users/ericcumbee/.rvm/gems/ruby-1.9.3-p392/gems/activeadmin-0.6.0/app/views/active_admin/devise/sessions/new.html.erb within layouts/active_admin_logged_out (114.6ms)
Compiled active_admin.css  (2219ms)  (pid 48971)
Compiled active_admin/print.css  (189ms)  (pid 48971)
Compiled jquery.js  (2ms)  (pid 48971)
Compiled jquery-ui.js  (9ms)  (pid 48971)
Compiled jquery_ujs.js  (0ms)  (pid 48971)
Compiled active_admin/lib/namespace.js  (122ms)  (pid 48971)
Compiled active_admin/components/jquery.aa.checkbox-toggler.js  (178ms)  (pid 48971)
Compiled active_admin/components/jquery.aa.dropdown-menu.js  (199ms)  (pid 48971)
Compiled active_admin/components/jquery.aa.popover.js  (174ms)  (pid 48971)
Compiled active_admin/components/jquery.aa.table-checkbox-toggler.js  (100ms)  (pid 48971)
Compiled active_admin/pages/application.js  (118ms)  (pid 48971)
Compiled active_admin/pages/batch_actions.js  (114ms)  (pid 48971)
Compiled active_admin/application.js  (1093ms)  (pid 48971)
Compiled active_admin/base.js  (1255ms)  (pid 48971)
Compiled active_admin.js  (1267ms)  (pid 48971)
Completed 200 OK in 4071ms (Views: 4053.6ms | ActiveRecord: 0.6ms)


Started GET "/admin" for 127.0.0.1 at 2013-05-25 15:38:18 -0400
Processing by Admin::DashboardController#index as HTML
Completed 401 Unauthorized in 0ms


Started GET "/admin/login" for 127.0.0.1 at 2013-05-25 15:38:18 -0400
Processing by ActiveAdmin::Devise::SessionsController#new as HTML
  Rendered /Users/ericcumbee/.rvm/gems/ruby-1.9.3-p392/gems/activeadmin-0.6.0/app/views/active_admin/devise/shared/_links.erb (0.5ms)
  Rendered /Users/ericcumbee/.rvm/gems/ruby-1.9.3-p392/gems/activeadmin-0.6.0/app/views/active_admin/devise/sessions/new.html.erb within layouts/active_admin_logged_out (17.9ms)
Completed 200 OK in 156ms (Views: 154.7ms | ActiveRecord: 0.0ms)


Started GET "/assets/active_admin.css?body=1" for 127.0.0.1 at 2013-05-25 15:38:18 -0400
Served asset /active_admin.css - 200 OK (16ms)


Started GET "/assets/jquery_ujs.js?body=1" for 127.0.0.1 at 2013-05-25 15:38:18 -0400
Served asset /jquery_ujs.js - 200 OK (4ms)


Started GET "/assets/jquery-ui.js?body=1" for 127.0.0.1 at 2013-05-25 15:38:18 -0400
Served asset /jquery-ui.js - 200 OK (5ms)


Started GET "/assets/jquery.js?body=1" for 127.0.0.1 at 2013-05-25 15:38:18 -0400
Served asset /jquery.js - 200 OK (3ms)


Started GET "/assets/active_admin/lib/namespace.js?body=1" for 127.0.0.1 at 2013-05-25 15:38:18 -0400
Served asset /active_admin/lib/namespace.js - 200 OK (2ms)


Started GET "/assets/active_admin/components/jquery.aa.checkbox-toggler.js?body=1" for 127.0.0.1 at 2013-05-25 15:38:18 -0400
Served asset /active_admin/components/jquery.aa.checkbox-toggler.js - 200 OK (2ms)


Started GET "/assets/active_admin/components/jquery.aa.dropdown-menu.js?body=1" for 127.0.0.1 at 2013-05-25 15:38:18 -0400
Served asset /active_admin/components/jquery.aa.dropdown-menu.js - 200 OK (3ms)


Started GET "/assets/active_admin/components/jquery.aa.popover.js?body=1" for 127.0.0.1 at 2013-05-25 15:38:18 -0400
Served asset /active_admin/components/jquery.aa.popover.js - 200 OK (3ms)


Started GET "/assets/active_admin/components/jquery.aa.table-checkbox-toggler.js?body=1" for 127.0.0.1 at 2013-05-25 15:38:18 -0400
Served asset /active_admin/components/jquery.aa.table-checkbox-toggler.js - 200 OK (6ms)


Started GET "/assets/active_admin/pages/application.js?body=1" for 127.0.0.1 at 2013-05-25 15:38:18 -0400
Served asset /active_admin/pages/application.js - 200 OK (2ms)


Started GET "/assets/active_admin/pages/batch_actions.js?body=1" for 127.0.0.1 at 2013-05-25 15:38:18 -0400
Served asset /active_admin/pages/batch_actions.js - 200 OK (4ms)


Started GET "/assets/active_admin/application.js?body=1" for 127.0.0.1 at 2013-05-25 15:38:18 -0400
Served asset /active_admin/application.js - 200 OK (14ms)


Started GET "/assets/active_admin/base.js?body=1" for 127.0.0.1 at 2013-05-25 15:38:18 -0400
Served asset /active_admin/base.js - 200 OK (24ms)


Started GET "/assets/active_admin.js?body=1" for 127.0.0.1 at 2013-05-25 15:38:18 -0400
Served asset /active_admin.js - 200 OK (52ms)


Started GET "/assets/active_admin/print.css?body=1" for 127.0.0.1 at 2013-05-25 15:38:18 -0400
Served asset /active_admin/print.css - 200 OK (3ms)


Started POST "/admin/login" for 127.0.0.1 at 2013-05-25 15:38:23 -0400
Processing by ActiveAdmin::Devise::SessionsController#create as HTML
  Parameters: {"utf8"=>"✓", "authenticity_token"=>"rF/BB3s3kVHH0zsWP6gLL1T9VJYwCwc/fj8M5RtgTS8=", "admin_user"=>{"email"=>"admin@example.com", "password"=>"[FILTERED]", "remember_me"=>"0"}, "commit"=>"Login"}
  [1m[36mAdminUser Load (0.2ms)[0m  [1mSELECT "admin_users".* FROM "admin_users" WHERE "admin_users"."email" = 'admin@example.com' LIMIT 1[0m
  [1m[35m (0.1ms)[0m  begin transaction
  [1m[36m (0.6ms)[0m  [1mUPDATE "admin_users" SET "last_sign_in_at" = '2013-05-25 19:38:23.888052', "current_sign_in_at" = '2013-05-25 19:38:23.888052', "last_sign_in_ip" = '127.0.0.1', "current_sign_in_ip" = '127.0.0.1', "sign_in_count" = 1, "updated_at" = '2013-05-25 19:38:23.889460' WHERE "admin_users"."id" = 1[0m
  [1m[35m (2.5ms)[0m  commit transaction
Redirected to http://0.0.0.0:3000/admin
Completed 302 Found in 125ms (ActiveRecord: 0.0ms)


Started GET "/admin" for 127.0.0.1 at 2013-05-25 15:38:23 -0400
Processing by Admin::DashboardController#index as HTML
  [1m[36mAdminUser Load (0.2ms)[0m  [1mSELECT "admin_users".* FROM "admin_users" WHERE "admin_users"."id" = 1 LIMIT 1[0m
  Rendered /Users/ericcumbee/.rvm/gems/ruby-1.9.3-p392/gems/activeadmin-0.6.0/app/views/active_admin/page/index.html.arb (56.1ms)
Completed 200 OK in 67ms (Views: 60.6ms | ActiveRecord: 0.2ms)


Started GET "/assets/active_admin.js" for 127.0.0.1 at 2013-05-25 15:38:24 -0400
Served asset /active_admin.js - 200 OK (0ms)


Started GET "/admin/voters" for 127.0.0.1 at 2013-05-25 15:38:25 -0400
Processing by Admin::VotersController#index as HTML
  [1m[35mAdminUser Load (0.2ms)[0m  SELECT "admin_users".* FROM "admin_users" WHERE "admin_users"."id" = 1 LIMIT 1
  [1m[36m (0.2ms)[0m  [1mSELECT COUNT(count_column) FROM (SELECT 1 AS count_column FROM "voters" LIMIT 30 OFFSET 0) subquery_for_count [0m
  Rendered /Users/ericcumbee/.rvm/gems/ruby-1.9.3-p392/gems/activeadmin-0.6.0/app/views/active_admin/resource/index.html.arb (595.7ms)
Completed 200 OK in 607ms (Views: 598.6ms | ActiveRecord: 0.5ms)


Started GET "/assets/active_admin/datepicker/datepicker-input-icon.png" for 127.0.0.1 at 2013-05-25 15:38:26 -0400
Served asset /active_admin/datepicker/datepicker-input-icon.png - 200 OK (9ms)


Started GET "/admin/voters/import" for 127.0.0.1 at 2013-05-25 15:38:27 -0400
Processing by Admin::VotersController#import as HTML
  [1m[35mAdminUser Load (0.2ms)[0m  SELECT "admin_users".* FROM "admin_users" WHERE "admin_users"."id" = 1 LIMIT 1
  Rendered /Users/ericcumbee/.rvm/gems/ruby-1.9.3-p392/gems/active_admin_import-2.0.0/app/views/admin/import.html.erb within layouts/active_admin (9.4ms)
Completed 200 OK in 68ms (Views: 65.3ms | ActiveRecord: 0.2ms)


Started POST "/admin/voters/do_import" for 127.0.0.1 at 2013-05-25 15:38:35 -0400
Processing by Admin::VotersController#do_import as HTML
  Parameters: {"utf8"=>"✓", "authenticity_token"=>"rF/BB3s3kVHH0zsWP6gLL1T9VJYwCwc/fj8M5RtgTS8=", "active_admin_import_model"=>{"file"=>#<ActionDispatch::Http::UploadedFile:0x007fa612d740c8 @original_filename="MyExport.csv", @content_type="text/csv", @headers="Content-Disposition: form-data; name=\"active_admin_import_model[file]\"; filename=\"MyExport.csv\"\r\nContent-Type: text/csv\r\n", @tempfile=#<File:/tmp/RackMultipart20130525-48971-1820uh7>>}, "commit"=>"Import"}
  [1m[36mAdminUser Load (0.2ms)[0m  [1mSELECT "admin_users".* FROM "admin_users" WHERE "admin_users"."id" = 1 LIMIT 1[0m
Redirected to http://0.0.0.0:3000/admin/voters
Completed 302 Found in 432ms (ActiveRecord: 0.2ms)


Started GET "/admin/voters" for 127.0.0.1 at 2013-05-25 15:38:35 -0400
Processing by Admin::VotersController#index as HTML
  [1m[35mAdminUser Load (0.2ms)[0m  SELECT "admin_users".* FROM "admin_users" WHERE "admin_users"."id" = 1 LIMIT 1
  [1m[36m (0.2ms)[0m  [1mSELECT COUNT(count_column) FROM (SELECT 1 AS count_column FROM "voters" LIMIT 30 OFFSET 0) subquery_for_count [0m
  Rendered /Users/ericcumbee/.rvm/gems/ruby-1.9.3-p392/gems/activeadmin-0.6.0/app/views/active_admin/resource/index.html.arb (461.9ms)
Completed 200 OK in 467ms (Views: 464.5ms | ActiveRecord: 0.4ms)


Started GET "/assets/active_admin.css?body=1" for 127.0.0.1 at 2013-05-25 15:38:36 -0400
Served asset /active_admin.css - 304 Not Modified (2ms)


Started GET "/admin/voters/import" for 127.0.0.1 at 2013-05-25 17:59:20 -0400
Processing by Admin::VotersController#import as HTML
  [1m[35mAdminUser Load (0.2ms)[0m  SELECT "admin_users".* FROM "admin_users" WHERE "admin_users"."id" = 1 LIMIT 1
  Rendered /Users/ericcumbee/.rvm/gems/ruby-1.9.3-p392/gems/active_admin_import-2.0.0/app/views/admin/import.html.erb within layouts/active_admin (6.0ms)
Completed 200 OK in 38ms (Views: 35.5ms | ActiveRecord: 0.2ms)


Started GET "/assets/active_admin.css?body=1" for 127.0.0.1 at 2013-05-25 17:59:20 -0400
Served asset /active_admin.css - 304 Not Modified (1ms)


Started GET "/assets/active_admin.js" for 127.0.0.1 at 2013-05-25 17:59:20 -0400
Served asset /active_admin.js - 304 Not Modified (0ms)


Started GET "/assets/active_admin/print.css?body=1" for 127.0.0.1 at 2013-05-25 17:59:20 -0400
Served asset /active_admin/print.css - 304 Not Modified (0ms)


Started POST "/admin/voters/do_import" for 127.0.0.1 at 2013-05-25 17:59:27 -0400
Processing by Admin::VotersController#do_import as HTML
  Parameters: {"utf8"=>"✓", "authenticity_token"=>"rF/BB3s3kVHH0zsWP6gLL1T9VJYwCwc/fj8M5RtgTS8=", "active_admin_import_model"=>{"file"=>#<ActionDispatch::Http::UploadedFile:0x007fa611dcaa00 @original_filename="MyExport.csv", @content_type="text/csv", @headers="Content-Disposition: form-data; name=\"active_admin_import_model[file]\"; filename=\"MyExport.csv\"\r\nContent-Type: text/csv\r\n", @tempfile=#<File:/tmp/RackMultipart20130525-48971-hozvr3>>}, "commit"=>"Import"}
  [1m[36mAdminUser Load (0.2ms)[0m  [1mSELECT "admin_users".* FROM "admin_users" WHERE "admin_users"."id" = 1 LIMIT 1[0m
Redirected to http://0.0.0.0:3000/admin/voters
Completed 302 Found in 377ms (ActiveRecord: 0.2ms)


Started GET "/admin/voters" for 127.0.0.1 at 2013-05-25 17:59:27 -0400
Processing by Admin::VotersController#index as HTML
  [1m[35mAdminUser Load (0.2ms)[0m  SELECT "admin_users".* FROM "admin_users" WHERE "admin_users"."id" = 1 LIMIT 1
  [1m[36m (0.2ms)[0m  [1mSELECT COUNT(count_column) FROM (SELECT 1 AS count_column FROM "voters" LIMIT 30 OFFSET 0) subquery_for_count [0m
  Rendered /Users/ericcumbee/.rvm/gems/ruby-1.9.3-p392/gems/activeadmin-0.6.0/app/views/active_admin/resource/index.html.arb (484.4ms)
Completed 200 OK in 490ms (Views: 487.2ms | ActiveRecord: 0.4ms)


Started GET "/assets/active_admin.css?body=1" for 127.0.0.1 at 2013-05-25 17:59:28 -0400
Served asset /active_admin.css - 304 Not Modified (1ms)


Started GET "/assets/active_admin.js" for 127.0.0.1 at 2013-05-25 17:59:28 -0400
Served asset /active_admin.js - 304 Not Modified (0ms)


Started GET "/assets/active_admin/print.css?body=1" for 127.0.0.1 at 2013-05-25 17:59:28 -0400
Served asset /active_admin/print.css - 304 Not Modified (0ms)


Started GET "/admin/voters/import" for 127.0.0.1 at 2013-05-25 18:13:02 -0400

SyntaxError (/Users/ericcumbee/Desktop/phonebankapp/app/admin/voters.rb:6: syntax error, unexpected tASSOC, expecting keyword_end
                      :batch_size => 1000
                                    ^):
  config/routes.rb:3:in `block in <top (required)>'
  config/routes.rb:1:in `<top (required)>'


  Rendered /Users/ericcumbee/.rvm/gems/ruby-1.9.3-p392/gems/actionpack-3.2.13/lib/action_dispatch/middleware/templates/rescues/_trace.erb (1.2ms)
  Rendered /Users/ericcumbee/.rvm/gems/ruby-1.9.3-p392/gems/actionpack-3.2.13/lib/action_dispatch/middleware/templates/rescues/_request_and_response.erb (0.9ms)
  Rendered /Users/ericcumbee/.rvm/gems/ruby-1.9.3-p392/gems/actionpack-3.2.13/lib/action_dispatch/middleware/templates/rescues/diagnostics.erb within rescues/layout (11.7ms)


Started GET "/admin/voters/import" for 127.0.0.1 at 2013-05-25 18:13:12 -0400
Processing by Admin::VotersController#import as HTML
  [1m[35mAdminUser Load (0.2ms)[0m  SELECT "admin_users".* FROM "admin_users" WHERE "admin_users"."id" = 1 LIMIT 1
  Rendered /Users/ericcumbee/.rvm/gems/ruby-1.9.3-p392/gems/active_admin_import-2.0.0/app/views/admin/import.html.erb within layouts/active_admin (4.2ms)
Completed 200 OK in 61ms (Views: 32.5ms | ActiveRecord: 0.3ms)


Started GET "/assets/active_admin.css?body=1" for 127.0.0.1 at 2013-05-25 18:13:12 -0400
Served asset /active_admin.css - 304 Not Modified (1ms)


Started GET "/assets/active_admin.js" for 127.0.0.1 at 2013-05-25 18:13:12 -0400
Served asset /active_admin.js - 304 Not Modified (0ms)


Started GET "/assets/active_admin/print.css?body=1" for 127.0.0.1 at 2013-05-25 18:13:12 -0400
Served asset /active_admin/print.css - 304 Not Modified (0ms)


Started POST "/admin/voters/do_import" for 127.0.0.1 at 2013-05-25 18:13:18 -0400
Processing by Admin::VotersController#do_import as HTML
  Parameters: {"utf8"=>"✓", "authenticity_token"=>"rF/BB3s3kVHH0zsWP6gLL1T9VJYwCwc/fj8M5RtgTS8=", "active_admin_import_model"=>{"file"=>#<ActionDispatch::Http::UploadedFile:0x007fa611c41300 @original_filename="MyExport.csv", @content_type="text/csv", @headers="Content-Disposition: form-data; name=\"active_admin_import_model[file]\"; filename=\"MyExport.csv\"\r\nContent-Type: text/csv\r\n", @tempfile=#<File:/tmp/RackMultipart20130525-48971-x9eghg>>}, "commit"=>"Import"}
  [1m[36mAdminUser Load (0.2ms)[0m  [1mSELECT "admin_users".* FROM "admin_users" WHERE "admin_users"."id" = 1 LIMIT 1[0m
Completed 500 Internal Server Error in 4ms

NameError (undefined local variable or method `voter' for #<ActiveAdmin::ResourceDSL:0x007fa616333268>):
  app/admin/voters.rb:5:in `block (2 levels) in <top (required)>'


  Rendered /Users/ericcumbee/.rvm/gems/ruby-1.9.3-p392/gems/actionpack-3.2.13/lib/action_dispatch/middleware/templates/rescues/_trace.erb (1.4ms)
  Rendered /Users/ericcumbee/.rvm/gems/ruby-1.9.3-p392/gems/actionpack-3.2.13/lib/action_dispatch/middleware/templates/rescues/_request_and_response.erb (1.0ms)
  Rendered /Users/ericcumbee/.rvm/gems/ruby-1.9.3-p392/gems/actionpack-3.2.13/lib/action_dispatch/middleware/templates/rescues/diagnostics.erb within rescues/layout (11.0ms)


Started POST "/admin/voters/do_import" for 127.0.0.1 at 2013-05-25 18:13:28 -0400
Processing by Admin::VotersController#do_import as HTML
  Parameters: {"utf8"=>"✓", "authenticity_token"=>"rF/BB3s3kVHH0zsWP6gLL1T9VJYwCwc/fj8M5RtgTS8=", "active_admin_import_model"=>{"file"=>#<ActionDispatch::Http::UploadedFile:0x007fa613c82fb0 @original_filename="MyExport.csv", @content_type="text/csv", @headers="Content-Disposition: form-data; name=\"active_admin_import_model[file]\"; filename=\"MyExport.csv\"\r\nContent-Type: text/csv\r\n", @tempfile=#<File:/tmp/RackMultipart20130525-48971-1h475fo>>}, "commit"=>"Import"}
  [1m[35mAdminUser Load (0.2ms)[0m  SELECT "admin_users".* FROM "admin_users" WHERE "admin_users"."id" = 1 LIMIT 1
Completed 500 Internal Server Error in 29ms

NameError (undefined local variable or method `voters' for #<ActiveAdmin::ResourceDSL:0x007fa6120a6120>):
  app/admin/voters.rb:5:in `block (2 levels) in <top (required)>'


  Rendered /Users/ericcumbee/.rvm/gems/ruby-1.9.3-p392/gems/actionpack-3.2.13/lib/action_dispatch/middleware/templates/rescues/_trace.erb (1.2ms)
  Rendered /Users/ericcumbee/.rvm/gems/ruby-1.9.3-p392/gems/actionpack-3.2.13/lib/action_dispatch/middleware/templates/rescues/_request_and_response.erb (1.0ms)
  Rendered /Users/ericcumbee/.rvm/gems/ruby-1.9.3-p392/gems/actionpack-3.2.13/lib/action_dispatch/middleware/templates/rescues/diagnostics.erb within rescues/layout (9.8ms)


Started POST "/admin/voters/do_import" for 127.0.0.1 at 2013-05-25 18:14:00 -0400
Processing by Admin::VotersController#do_import as HTML
  Parameters: {"utf8"=>"✓", "authenticity_token"=>"rF/BB3s3kVHH0zsWP6gLL1T9VJYwCwc/fj8M5RtgTS8=", "active_admin_import_model"=>{"file"=>#<ActionDispatch::Http::UploadedFile:0x007fa616640898 @original_filename="MyExport.csv", @content_type="text/csv", @headers="Content-Disposition: form-data; name=\"active_admin_import_model[file]\"; filename=\"MyExport.csv\"\r\nContent-Type: text/csv\r\n", @tempfile=#<File:/tmp/RackMultipart20130525-48971-h8qano>>}, "commit"=>"Import"}
  [1m[36mAdminUser Load (0.2ms)[0m  [1mSELECT "admin_users".* FROM "admin_users" WHERE "admin_users"."id" = 1 LIMIT 1[0m
  [1m[35mSQL (105.8ms)[0m  DELETE FROM "voters"
Redirected to http://0.0.0.0:3000/admin/voters
Completed 302 Found in 505ms (ActiveRecord: 106.1ms)


Started GET "/admin/voters" for 127.0.0.1 at 2013-05-25 18:14:01 -0400
Processing by Admin::VotersController#index as HTML
  [1m[36mAdminUser Load (0.2ms)[0m  [1mSELECT "admin_users".* FROM "admin_users" WHERE "admin_users"."id" = 1 LIMIT 1[0m
  [1m[35m (0.2ms)[0m  SELECT COUNT(count_column) FROM (SELECT 1 AS count_column FROM "voters" LIMIT 30 OFFSET 0) subquery_for_count 
  Rendered /Users/ericcumbee/.rvm/gems/ruby-1.9.3-p392/gems/activeadmin-0.6.0/app/views/active_admin/resource/index.html.arb (394.4ms)
Completed 200 OK in 402ms (Views: 397.3ms | ActiveRecord: 0.6ms)


Started GET "/assets/active_admin.css?body=1" for 127.0.0.1 at 2013-05-25 18:14:01 -0400
Served asset /active_admin.css - 304 Not Modified (2ms)


Started GET "/assets/active_admin.js" for 127.0.0.1 at 2013-05-25 18:14:01 -0400
Served asset /active_admin.js - 304 Not Modified (0ms)


Started GET "/assets/active_admin/print.css?body=1" for 127.0.0.1 at 2013-05-25 18:14:01 -0400
Served asset /active_admin/print.css - 304 Not Modified (0ms)


Started GET "/admin/voters/import" for 127.0.0.1 at 2013-05-25 18:16:46 -0400

SyntaxError (/Users/ericcumbee/Desktop/phonebankapp/app/admin/voters.rb:7: syntax error, unexpected tASSOC, expecting keyword_end
                      :batch_size => 1000
                                    ^):
  config/routes.rb:3:in `block in <top (required)>'
  config/routes.rb:1:in `<top (required)>'


  Rendered /Users/ericcumbee/.rvm/gems/ruby-1.9.3-p392/gems/actionpack-3.2.13/lib/action_dispatch/middleware/templates/rescues/_trace.erb (1.1ms)
  Rendered /Users/ericcumbee/.rvm/gems/ruby-1.9.3-p392/gems/actionpack-3.2.13/lib/action_dispatch/middleware/templates/rescues/_request_and_response.erb (0.9ms)
  Rendered /Users/ericcumbee/.rvm/gems/ruby-1.9.3-p392/gems/actionpack-3.2.13/lib/action_dispatch/middleware/templates/rescues/diagnostics.erb within rescues/layout (8.3ms)


Started GET "/admin/voters/import" for 127.0.0.1 at 2013-05-25 18:16:56 -0400
Processing by Admin::VotersController#import as HTML
  [1m[36mAdminUser Load (0.2ms)[0m  [1mSELECT "admin_users".* FROM "admin_users" WHERE "admin_users"."id" = 1 LIMIT 1[0m
  Rendered /Users/ericcumbee/.rvm/gems/ruby-1.9.3-p392/gems/active_admin_import-2.0.0/app/views/admin/import.html.erb within layouts/active_admin (4.2ms)
Completed 200 OK in 60ms (Views: 31.5ms | ActiveRecord: 0.3ms)


Started GET "/assets/active_admin.js" for 127.0.0.1 at 2013-05-25 18:16:56 -0400
Served asset /active_admin.js - 304 Not Modified (0ms)


Started GET "/assets/active_admin.css?body=1" for 127.0.0.1 at 2013-05-25 18:16:56 -0400
Served asset /active_admin.css - 304 Not Modified (1ms)


Started GET "/assets/active_admin/print.css?body=1" for 127.0.0.1 at 2013-05-25 18:16:56 -0400
Served asset /active_admin/print.css - 304 Not Modified (0ms)


Started POST "/admin/voters/do_import" for 127.0.0.1 at 2013-05-25 18:17:05 -0400
Processing by Admin::VotersController#do_import as HTML
  Parameters: {"utf8"=>"✓", "authenticity_token"=>"rF/BB3s3kVHH0zsWP6gLL1T9VJYwCwc/fj8M5RtgTS8=", "active_admin_import_model"=>{"file"=>#<ActionDispatch::Http::UploadedFile:0x007fa61218f640 @original_filename="MyExport.csv", @content_type="text/csv", @headers="Content-Disposition: form-data; name=\"active_admin_import_model[file]\"; filename=\"MyExport.csv\"\r\nContent-Type: text/csv\r\n", @tempfile=#<File:/tmp/RackMultipart20130525-48971-1y0hoiu>>}, "commit"=>"Import"}
  [1m[35mAdminUser Load (0.2ms)[0m  SELECT "admin_users".* FROM "admin_users" WHERE "admin_users"."id" = 1 LIMIT 1
  [1m[36mSQL (2.3ms)[0m  [1mDELETE FROM "voters"[0m
Completed 500 Internal Server Error in 381ms

NoMethodError (undefined method `save' for #<Class:0x007fa616752c68>):
  app/admin/voters.rb:6:in `block (2 levels) in <top (required)>'


  Rendered /Users/ericcumbee/.rvm/gems/ruby-1.9.3-p392/gems/actionpack-3.2.13/lib/action_dispatch/middleware/templates/rescues/_trace.erb (1.2ms)
  Rendered /Users/ericcumbee/.rvm/gems/ruby-1.9.3-p392/gems/actionpack-3.2.13/lib/action_dispatch/middleware/templates/rescues/_request_and_response.erb (1.0ms)
  Rendered /Users/ericcumbee/.rvm/gems/ruby-1.9.3-p392/gems/actionpack-3.2.13/lib/action_dispatch/middleware/templates/rescues/diagnostics.erb within rescues/layout (9.2ms)


Started GET "/assets/rails.png" for 127.0.0.1 at 2013-05-25 18:19:22 -0400
Served asset /rails.png - 304 Not Modified (0ms)
Processing by Admin::DashboardController#index as HTML
  [1m[35mAdminUser Load (0.2ms)[0m  SELECT "admin_users".* FROM "admin_users" WHERE "admin_users"."id" = 1 LIMIT 1
  Rendered /Users/ericcumbee/.rvm/gems/ruby-1.9.3-p392/gems/activeadmin-0.6.0/app/views/active_admin/page/index.html.arb (25.7ms)
Completed 200 OK in 86ms (Views: 29.9ms | ActiveRecord: 0.3ms)
Served asset /active_admin/print.css - 304 Not Modified (0ms)
Served asset /active_admin.js - 304 Not Modified (0ms)
Served asset /active_admin.css - 304 Not Modified (2ms)
Processing by Admin::VotersController#index as HTML
  [1m[36mAdminUser Load (0.2ms)[0m  [1mSELECT "admin_users".* FROM "admin_users" WHERE "admin_users"."id" = 1 LIMIT 1[0m
  [1m[35m (0.2ms)[0m  SELECT COUNT(count_column) FROM (SELECT 1 AS count_column FROM "voters" LIMIT 30 OFFSET 0) subquery_for_count 
  Rendered /Users/ericcumbee/.rvm/gems/ruby-1.9.3-p392/gems/activeadmin-0.6.0/app/views/active_admin/resource/index.html.arb (367.4ms)
Completed 200 OK in 375ms (Views: 370.2ms | ActiveRecord: 0.6ms)
Served asset /active_admin.js - 304 Not Modified (0ms)
Served asset /active_admin.css - 304 Not Modified (1ms)
Served asset /active_admin/print.css - 304 Not Modified (0ms)
Served asset /active_admin/datepicker/datepicker-input-icon.png - 304 Not Modified (0ms)
Processing by Admin::VotersController#import as HTML
  [1m[36mAdminUser Load (0.2ms)[0m  [1mSELECT "admin_users".* FROM "admin_users" WHERE "admin_users"."id" = 1 LIMIT 1[0m
  Rendered /Users/ericcumbee/.rvm/gems/ruby-1.9.3-p392/gems/active_admin_import-2.0.0/app/views/admin/import.html.erb within layouts/active_admin (4.1ms)
Completed 200 OK in 36ms (Views: 33.4ms | ActiveRecord: 0.2ms)
Served asset /active_admin.js - 304 Not Modified (0ms)
Served asset /active_admin.css - 304 Not Modified (1ms)
Served asset /active_admin/print.css - 304 Not Modified (0ms)
Processing by Admin::VotersController#do_import as HTML
  Parameters: {"utf8"=>"✓", "authenticity_token"=>"rF/BB3s3kVHH0zsWP6gLL1T9VJYwCwc/fj8M5RtgTS8=", "active_admin_import_model"=>{"file"=>#<ActionDispatch::Http::UploadedFile:0x007fa616181208 @original_filename="MyExport.csv", @content_type="text/csv", @headers="Content-Disposition: form-data; name=\"active_admin_import_model[file]\"; filename=\"MyExport.csv\"\r\nContent-Type: text/csv\r\n", @tempfile=#<File:/tmp/RackMultipart20130525-48971-1giix2b>>}, "commit"=>"Import"}
  [1m[35mAdminUser Load (0.2ms)[0m  SELECT "admin_users".* FROM "admin_users" WHERE "admin_users"."id" = 1 LIMIT 1
  [1m[36mSQL (2.6ms)[0m  [1mDELETE FROM "voters"[0m
Completed 500 Internal Server Error in 370ms

NameError (undefined local variable or method `logger' for #<ActiveAdmin::ResourceDSL:0x007fa61902a898>):
  app/admin/voters.rb:7:in `block (2 levels) in <top (required)>'


  Rendered /Users/ericcumbee/.rvm/gems/ruby-1.9.3-p392/gems/actionpack-3.2.13/lib/action_dispatch/middleware/templates/rescues/_trace.erb (1.3ms)
  Rendered /Users/ericcumbee/.rvm/gems/ruby-1.9.3-p392/gems/actionpack-3.2.13/lib/action_dispatch/middleware/templates/rescues/_request_and_response.erb (1.9ms)
  Rendered /Users/ericcumbee/.rvm/gems/ruby-1.9.3-p392/gems/actionpack-3.2.13/lib/action_dispatch/middleware/templates/rescues/diagnostics.erb within rescues/layout (12.6ms)
Processing by Admin::VotersController#do_import as HTML
  Parameters: {"utf8"=>"✓", "authenticity_token"=>"rF/BB3s3kVHH0zsWP6gLL1T9VJYwCwc/fj8M5RtgTS8=", "active_admin_import_model"=>{"file"=>#<ActionDispatch::Http::UploadedFile:0x007fa619165f00 @original_filename="MyExport.csv", @content_type="text/csv", @headers="Content-Disposition: form-data; name=\"active_admin_import_model[file]\"; filename=\"MyExport.csv\"\r\nContent-Type: text/csv\r\n", @tempfile=#<File:/tmp/RackMultipart20130525-48971-sspimt>>}, "commit"=>"Import"}
  [1m[35mAdminUser Load (0.1ms)[0m  SELECT "admin_users".* FROM "admin_users" WHERE "admin_users"."id" = 1 LIMIT 1
  [1m[36mSQL (2.8ms)[0m  [1mDELETE FROM "voters"[0m
Redirected to http://0.0.0.0:3000/admin/voters
Completed 302 Found in 477ms (ActiveRecord: 3.1ms)
Processing by Admin::VotersController#index as HTML
  [1m[35mAdminUser Load (0.2ms)[0m  SELECT "admin_users".* FROM "admin_users" WHERE "admin_users"."id" = 1 LIMIT 1
  [1m[36m (0.2ms)[0m  [1mSELECT COUNT(count_column) FROM (SELECT 1 AS count_column FROM "voters" LIMIT 30 OFFSET 0) subquery_for_count [0m
  Rendered /Users/ericcumbee/.rvm/gems/ruby-1.9.3-p392/gems/activeadmin-0.6.0/app/views/active_admin/resource/index.html.arb (392.2ms)
Completed 200 OK in 399ms (Views: 394.9ms | ActiveRecord: 0.5ms)
Served asset /active_admin.css - 304 Not Modified (2ms)
Served asset /active_admin.js - 304 Not Modified (0ms)
Served asset /active_admin/print.css - 304 Not Modified (0ms)
Connecting to database specified by database.yml
Connecting to database specified by database.yml
Connecting to database specified by database.yml
Connecting to database specified by database.yml

ActionController::RoutingError (No route matches [GET] "/voters/1"):
  actionpack (3.2.13) lib/action_dispatch/middleware/debug_exceptions.rb:21:in `call'
  actionpack (3.2.13) lib/action_dispatch/middleware/show_exceptions.rb:56:in `call'
  railties (3.2.13) lib/rails/rack/logger.rb:32:in `call_app'
  railties (3.2.13) lib/rails/rack/logger.rb:18:in `call'
  actionpack (3.2.13) lib/action_dispatch/middleware/request_id.rb:22:in `call'
  rack (1.4.5) lib/rack/methodoverride.rb:21:in `call'
  rack (1.4.5) lib/rack/runtime.rb:17:in `call'
  activesupport (3.2.13) lib/active_support/cache/strategy/local_cache.rb:72:in `call'
  rack (1.4.5) lib/rack/lock.rb:15:in `call'
  actionpack (3.2.13) lib/action_dispatch/middleware/static.rb:63:in `call'
  railties (3.2.13) lib/rails/engine.rb:479:in `call'
  railties (3.2.13) lib/rails/application.rb:223:in `call'
  rack (1.4.5) lib/rack/content_length.rb:14:in `call'
  railties (3.2.13) lib/rails/rack/log_tailer.rb:17:in `call'
  rack (1.4.5) lib/rack/handler/webrick.rb:59:in `service'
  /Users/ericcumbee/.rvm/rubies/ruby-1.9.3-p392/lib/ruby/1.9.1/webrick/httpserver.rb:138:in `service'
  /Users/ericcumbee/.rvm/rubies/ruby-1.9.3-p392/lib/ruby/1.9.1/webrick/httpserver.rb:94:in `run'
  /Users/ericcumbee/.rvm/rubies/ruby-1.9.3-p392/lib/ruby/1.9.1/webrick/server.rb:191:in `block in start_thread'


  Rendered /Users/ericcumbee/.rvm/gems/ruby-1.9.3-p392/gems/actionpack-3.2.13/lib/action_dispatch/middleware/templates/rescues/routing_error.erb within rescues/layout (1.0ms)

ActionController::RoutingError (No route matches [GET] "/voters/1.json"):
  actionpack (3.2.13) lib/action_dispatch/middleware/debug_exceptions.rb:21:in `call'
  actionpack (3.2.13) lib/action_dispatch/middleware/show_exceptions.rb:56:in `call'
  railties (3.2.13) lib/rails/rack/logger.rb:32:in `call_app'
  railties (3.2.13) lib/rails/rack/logger.rb:18:in `call'
  actionpack (3.2.13) lib/action_dispatch/middleware/request_id.rb:22:in `call'
  rack (1.4.5) lib/rack/methodoverride.rb:21:in `call'
  rack (1.4.5) lib/rack/runtime.rb:17:in `call'
  activesupport (3.2.13) lib/active_support/cache/strategy/local_cache.rb:72:in `call'
  rack (1.4.5) lib/rack/lock.rb:15:in `call'
  actionpack (3.2.13) lib/action_dispatch/middleware/static.rb:63:in `call'
  railties (3.2.13) lib/rails/engine.rb:479:in `call'
  railties (3.2.13) lib/rails/application.rb:223:in `call'
  rack (1.4.5) lib/rack/content_length.rb:14:in `call'
  railties (3.2.13) lib/rails/rack/log_tailer.rb:17:in `call'
  rack (1.4.5) lib/rack/handler/webrick.rb:59:in `service'
  /Users/ericcumbee/.rvm/rubies/ruby-1.9.3-p392/lib/ruby/1.9.1/webrick/httpserver.rb:138:in `service'
  /Users/ericcumbee/.rvm/rubies/ruby-1.9.3-p392/lib/ruby/1.9.1/webrick/httpserver.rb:94:in `run'
  /Users/ericcumbee/.rvm/rubies/ruby-1.9.3-p392/lib/ruby/1.9.1/webrick/server.rb:191:in `block in start_thread'


  Rendered /Users/ericcumbee/.rvm/gems/ruby-1.9.3-p392/gems/actionpack-3.2.13/lib/action_dispatch/middleware/templates/rescues/routing_error.erb within rescues/layout (0.6ms)

ActionController::RoutingError (No route matches [GET] "/voters.json"):
  actionpack (3.2.13) lib/action_dispatch/middleware/debug_exceptions.rb:21:in `call'
  actionpack (3.2.13) lib/action_dispatch/middleware/show_exceptions.rb:56:in `call'
  railties (3.2.13) lib/rails/rack/logger.rb:32:in `call_app'
  railties (3.2.13) lib/rails/rack/logger.rb:18:in `call'
  actionpack (3.2.13) lib/action_dispatch/middleware/request_id.rb:22:in `call'
  rack (1.4.5) lib/rack/methodoverride.rb:21:in `call'
  rack (1.4.5) lib/rack/runtime.rb:17:in `call'
  activesupport (3.2.13) lib/active_support/cache/strategy/local_cache.rb:72:in `call'
  rack (1.4.5) lib/rack/lock.rb:15:in `call'
  actionpack (3.2.13) lib/action_dispatch/middleware/static.rb:63:in `call'
  railties (3.2.13) lib/rails/engine.rb:479:in `call'
  railties (3.2.13) lib/rails/application.rb:223:in `call'
  rack (1.4.5) lib/rack/content_length.rb:14:in `call'
  railties (3.2.13) lib/rails/rack/log_tailer.rb:17:in `call'
  rack (1.4.5) lib/rack/handler/webrick.rb:59:in `service'
  /Users/ericcumbee/.rvm/rubies/ruby-1.9.3-p392/lib/ruby/1.9.1/webrick/httpserver.rb:138:in `service'
  /Users/ericcumbee/.rvm/rubies/ruby-1.9.3-p392/lib/ruby/1.9.1/webrick/httpserver.rb:94:in `run'
  /Users/ericcumbee/.rvm/rubies/ruby-1.9.3-p392/lib/ruby/1.9.1/webrick/server.rb:191:in `block in start_thread'


  Rendered /Users/ericcumbee/.rvm/gems/ruby-1.9.3-p392/gems/actionpack-3.2.13/lib/action_dispatch/middleware/templates/rescues/routing_error.erb within rescues/layout (0.7ms)

AbstractController::ActionNotFound (The action 'index' could not be found for VotersController):
  actionpack (3.2.13) lib/abstract_controller/base.rb:116:in `process'
  actionpack (3.2.13) lib/abstract_controller/rendering.rb:45:in `process'
  actionpack (3.2.13) lib/action_controller/metal.rb:203:in `dispatch'
  actionpack (3.2.13) lib/action_controller/metal/rack_delegation.rb:14:in `dispatch'
  actionpack (3.2.13) lib/action_controller/metal.rb:246:in `block in action'
  actionpack (3.2.13) lib/action_dispatch/routing/route_set.rb:73:in `call'
  actionpack (3.2.13) lib/action_dispatch/routing/route_set.rb:73:in `dispatch'
  actionpack (3.2.13) lib/action_dispatch/routing/route_set.rb:36:in `call'
  journey (1.0.4) lib/journey/router.rb:68:in `block in call'
  journey (1.0.4) lib/journey/router.rb:56:in `each'
  journey (1.0.4) lib/journey/router.rb:56:in `call'
  actionpack (3.2.13) lib/action_dispatch/routing/route_set.rb:612:in `call'
  warden (1.2.1) lib/warden/manager.rb:35:in `block in call'
  warden (1.2.1) lib/warden/manager.rb:34:in `catch'
  warden (1.2.1) lib/warden/manager.rb:34:in `call'
  actionpack (3.2.13) lib/action_dispatch/middleware/best_standards_support.rb:17:in `call'
  rack (1.4.5) lib/rack/etag.rb:23:in `call'
  rack (1.4.5) lib/rack/conditionalget.rb:25:in `call'
  actionpack (3.2.13) lib/action_dispatch/middleware/head.rb:14:in `call'
  actionpack (3.2.13) lib/action_dispatch/middleware/params_parser.rb:21:in `call'
  actionpack (3.2.13) lib/action_dispatch/middleware/flash.rb:242:in `call'
  rack (1.4.5) lib/rack/session/abstract/id.rb:210:in `context'
  rack (1.4.5) lib/rack/session/abstract/id.rb:205:in `call'
  actionpack (3.2.13) lib/action_dispatch/middleware/cookies.rb:341:in `call'
  activerecord (3.2.13) lib/active_record/query_cache.rb:64:in `call'
  activerecord (3.2.13) lib/active_record/connection_adapters/abstract/connection_pool.rb:479:in `call'
  actionpack (3.2.13) lib/action_dispatch/middleware/callbacks.rb:28:in `block in call'
  activesupport (3.2.13) lib/active_support/callbacks.rb:405:in `_run__2658474766390419683__call__1065611676642930803__callbacks'
  activesupport (3.2.13) lib/active_support/callbacks.rb:405:in `__run_callback'
  activesupport (3.2.13) lib/active_support/callbacks.rb:385:in `_run_call_callbacks'
  activesupport (3.2.13) lib/active_support/callbacks.rb:81:in `run_callbacks'
  actionpack (3.2.13) lib/action_dispatch/middleware/callbacks.rb:27:in `call'
  actionpack (3.2.13) lib/action_dispatch/middleware/reloader.rb:65:in `call'
  actionpack (3.2.13) lib/action_dispatch/middleware/remote_ip.rb:31:in `call'
  actionpack (3.2.13) lib/action_dispatch/middleware/debug_exceptions.rb:16:in `call'
  actionpack (3.2.13) lib/action_dispatch/middleware/show_exceptions.rb:56:in `call'
  railties (3.2.13) lib/rails/rack/logger.rb:32:in `call_app'
  railties (3.2.13) lib/rails/rack/logger.rb:18:in `call'
  actionpack (3.2.13) lib/action_dispatch/middleware/request_id.rb:22:in `call'
  rack (1.4.5) lib/rack/methodoverride.rb:21:in `call'
  rack (1.4.5) lib/rack/runtime.rb:17:in `call'
  activesupport (3.2.13) lib/active_support/cache/strategy/local_cache.rb:72:in `call'
  rack (1.4.5) lib/rack/lock.rb:15:in `call'
  actionpack (3.2.13) lib/action_dispatch/middleware/static.rb:63:in `call'
  railties (3.2.13) lib/rails/engine.rb:479:in `call'
  railties (3.2.13) lib/rails/application.rb:223:in `call'
  rack (1.4.5) lib/rack/content_length.rb:14:in `call'
  railties (3.2.13) lib/rails/rack/log_tailer.rb:17:in `call'
  rack (1.4.5) lib/rack/handler/webrick.rb:59:in `service'
  /Users/ericcumbee/.rvm/rubies/ruby-1.9.3-p392/lib/ruby/1.9.1/webrick/httpserver.rb:138:in `service'
  /Users/ericcumbee/.rvm/rubies/ruby-1.9.3-p392/lib/ruby/1.9.1/webrick/httpserver.rb:94:in `run'
  /Users/ericcumbee/.rvm/rubies/ruby-1.9.3-p392/lib/ruby/1.9.1/webrick/server.rb:191:in `block in start_thread'


  Rendered /Users/ericcumbee/.rvm/gems/ruby-1.9.3-p392/gems/actionpack-3.2.13/lib/action_dispatch/middleware/templates/rescues/unknown_action.erb within rescues/layout (0.7ms)
Processing by VotersController#show as JSON
  Parameters: {"id"=>"1"}
  [1m[35mVoter Load (0.5ms)[0m  SELECT "voters".* FROM "voters" WHERE "voters"."id" = ? LIMIT 1  [["id", "1"]]
Completed 404 Not Found in 4ms

ActiveRecord::RecordNotFound (Couldn't find Voter with id=1):
  app/controllers/voters_controller.rb:5:in `show'


  Rendered /Users/ericcumbee/.rvm/gems/ruby-1.9.3-p392/gems/actionpack-3.2.13/lib/action_dispatch/middleware/templates/rescues/_trace.erb (2.3ms)
  Rendered /Users/ericcumbee/.rvm/gems/ruby-1.9.3-p392/gems/actionpack-3.2.13/lib/action_dispatch/middleware/templates/rescues/_request_and_response.erb (1.4ms)
  Rendered /Users/ericcumbee/.rvm/gems/ruby-1.9.3-p392/gems/actionpack-3.2.13/lib/action_dispatch/middleware/templates/rescues/diagnostics.erb within rescues/layout (15.1ms)
Processing by VotersController#show as JSON
  Parameters: {"id"=>"all"}
  [1m[36mVoter Load (0.2ms)[0m  [1mSELECT "voters".* FROM "voters" WHERE "voters"."id" = ? LIMIT 1[0m  [["id", "all"]]
Completed 404 Not Found in 2ms

ActiveRecord::RecordNotFound (Couldn't find Voter with id=all):
  app/controllers/voters_controller.rb:5:in `show'


  Rendered /Users/ericcumbee/.rvm/gems/ruby-1.9.3-p392/gems/actionpack-3.2.13/lib/action_dispatch/middleware/templates/rescues/_trace.erb (1.7ms)
  Rendered /Users/ericcumbee/.rvm/gems/ruby-1.9.3-p392/gems/actionpack-3.2.13/lib/action_dispatch/middleware/templates/rescues/_request_and_response.erb (1.2ms)
  Rendered /Users/ericcumbee/.rvm/gems/ruby-1.9.3-p392/gems/actionpack-3.2.13/lib/action_dispatch/middleware/templates/rescues/diagnostics.erb within rescues/layout (10.7ms)
Processing by VotersController#show as JSON
  Parameters: {"id"=>"facebook"}
  [1m[35mVoter Load (0.2ms)[0m  SELECT "voters".* FROM "voters" WHERE "voters"."id" = ? LIMIT 1  [["id", "facebook"]]
Completed 404 Not Found in 2ms

ActiveRecord::RecordNotFound (Couldn't find Voter with id=facebook):
  app/controllers/voters_controller.rb:5:in `show'


  Rendered /Users/ericcumbee/.rvm/gems/ruby-1.9.3-p392/gems/actionpack-3.2.13/lib/action_dispatch/middleware/templates/rescues/_trace.erb (1.4ms)
  Rendered /Users/ericcumbee/.rvm/gems/ruby-1.9.3-p392/gems/actionpack-3.2.13/lib/action_dispatch/middleware/templates/rescues/_request_and_response.erb (1.4ms)
  Rendered /Users/ericcumbee/.rvm/gems/ruby-1.9.3-p392/gems/actionpack-3.2.13/lib/action_dispatch/middleware/templates/rescues/diagnostics.erb within rescues/layout (10.3ms)

AbstractController::ActionNotFound (The action 'index' could not be found for VotersController):
  actionpack (3.2.13) lib/abstract_controller/base.rb:116:in `process'
  actionpack (3.2.13) lib/abstract_controller/rendering.rb:45:in `process'
  actionpack (3.2.13) lib/action_controller/metal.rb:203:in `dispatch'
  actionpack (3.2.13) lib/action_controller/metal/rack_delegation.rb:14:in `dispatch'
  actionpack (3.2.13) lib/action_controller/metal.rb:246:in `block in action'
  actionpack (3.2.13) lib/action_dispatch/routing/route_set.rb:73:in `call'
  actionpack (3.2.13) lib/action_dispatch/routing/route_set.rb:73:in `dispatch'
  actionpack (3.2.13) lib/action_dispatch/routing/route_set.rb:36:in `call'
  journey (1.0.4) lib/journey/router.rb:68:in `block in call'
  journey (1.0.4) lib/journey/router.rb:56:in `each'
  journey (1.0.4) lib/journey/router.rb:56:in `call'
  actionpack (3.2.13) lib/action_dispatch/routing/route_set.rb:612:in `call'
  warden (1.2.1) lib/warden/manager.rb:35:in `block in call'
  warden (1.2.1) lib/warden/manager.rb:34:in `catch'
  warden (1.2.1) lib/warden/manager.rb:34:in `call'
  actionpack (3.2.13) lib/action_dispatch/middleware/best_standards_support.rb:17:in `call'
  rack (1.4.5) lib/rack/etag.rb:23:in `call'
  rack (1.4.5) lib/rack/conditionalget.rb:25:in `call'
  actionpack (3.2.13) lib/action_dispatch/middleware/head.rb:14:in `call'
  actionpack (3.2.13) lib/action_dispatch/middleware/params_parser.rb:21:in `call'
  actionpack (3.2.13) lib/action_dispatch/middleware/flash.rb:242:in `call'
  rack (1.4.5) lib/rack/session/abstract/id.rb:210:in `context'
  rack (1.4.5) lib/rack/session/abstract/id.rb:205:in `call'
  actionpack (3.2.13) lib/action_dispatch/middleware/cookies.rb:341:in `call'
  activerecord (3.2.13) lib/active_record/query_cache.rb:64:in `call'
  activerecord (3.2.13) lib/active_record/connection_adapters/abstract/connection_pool.rb:479:in `call'
  actionpack (3.2.13) lib/action_dispatch/middleware/callbacks.rb:28:in `block in call'
  activesupport (3.2.13) lib/active_support/callbacks.rb:405:in `_run__2658474766390419683__call__1065611676642930803__callbacks'
  activesupport (3.2.13) lib/active_support/callbacks.rb:405:in `__run_callback'
  activesupport (3.2.13) lib/active_support/callbacks.rb:385:in `_run_call_callbacks'
  activesupport (3.2.13) lib/active_support/callbacks.rb:81:in `run_callbacks'
  actionpack (3.2.13) lib/action_dispatch/middleware/callbacks.rb:27:in `call'
  actionpack (3.2.13) lib/action_dispatch/middleware/reloader.rb:65:in `call'
  actionpack (3.2.13) lib/action_dispatch/middleware/remote_ip.rb:31:in `call'
  actionpack (3.2.13) lib/action_dispatch/middleware/debug_exceptions.rb:16:in `call'
  actionpack (3.2.13) lib/action_dispatch/middleware/show_exceptions.rb:56:in `call'
  railties (3.2.13) lib/rails/rack/logger.rb:32:in `call_app'
  railties (3.2.13) lib/rails/rack/logger.rb:18:in `call'
  actionpack (3.2.13) lib/action_dispatch/middleware/request_id.rb:22:in `call'
  rack (1.4.5) lib/rack/methodoverride.rb:21:in `call'
  rack (1.4.5) lib/rack/runtime.rb:17:in `call'
  activesupport (3.2.13) lib/active_support/cache/strategy/local_cache.rb:72:in `call'
  rack (1.4.5) lib/rack/lock.rb:15:in `call'
  actionpack (3.2.13) lib/action_dispatch/middleware/static.rb:63:in `call'
  railties (3.2.13) lib/rails/engine.rb:479:in `call'
  railties (3.2.13) lib/rails/application.rb:223:in `call'
  rack (1.4.5) lib/rack/content_length.rb:14:in `call'
  railties (3.2.13) lib/rails/rack/log_tailer.rb:17:in `call'
  rack (1.4.5) lib/rack/handler/webrick.rb:59:in `service'
  /Users/ericcumbee/.rvm/rubies/ruby-1.9.3-p392/lib/ruby/1.9.1/webrick/httpserver.rb:138:in `service'
  /Users/ericcumbee/.rvm/rubies/ruby-1.9.3-p392/lib/ruby/1.9.1/webrick/httpserver.rb:94:in `run'
  /Users/ericcumbee/.rvm/rubies/ruby-1.9.3-p392/lib/ruby/1.9.1/webrick/server.rb:191:in `block in start_thread'


  Rendered /Users/ericcumbee/.rvm/gems/ruby-1.9.3-p392/gems/actionpack-3.2.13/lib/action_dispatch/middleware/templates/rescues/unknown_action.erb within rescues/layout (0.5ms)
Processing by Admin::DashboardController#index as HTML
  [1m[36mAdminUser Load (0.2ms)[0m  [1mSELECT "admin_users".* FROM "admin_users" WHERE "admin_users"."id" = 1 LIMIT 1[0m
  Rendered /Users/ericcumbee/.rvm/gems/ruby-1.9.3-p392/gems/activeadmin-0.6.0/app/views/active_admin/page/index.html.arb (138.1ms)
Completed 200 OK in 165ms (Views: 143.7ms | ActiveRecord: 0.3ms)
Served asset /active_admin/print.css - 304 Not Modified (0ms)
Served asset /active_admin.js - 304 Not Modified (0ms)
Served asset /active_admin.css - 304 Not Modified (2ms)
Processing by Admin::VotersController#index as HTML
  [1m[35mAdminUser Load (0.2ms)[0m  SELECT "admin_users".* FROM "admin_users" WHERE "admin_users"."id" = 1 LIMIT 1
  [1m[36m (0.2ms)[0m  [1mSELECT COUNT(count_column) FROM (SELECT 1 AS count_column FROM "voters" LIMIT 30 OFFSET 0) subquery_for_count [0m
  Rendered /Users/ericcumbee/.rvm/gems/ruby-1.9.3-p392/gems/activeadmin-0.6.0/app/views/active_admin/resource/index.html.arb (351.7ms)
Completed 200 OK in 360ms (Views: 356.5ms | ActiveRecord: 0.4ms)
Served asset /active_admin.js - 304 Not Modified (0ms)
Served asset /active_admin.css - 304 Not Modified (1ms)
Served asset /active_admin/print.css - 304 Not Modified (0ms)
Served asset /active_admin/datepicker/datepicker-input-icon.png - 304 Not Modified (0ms)
Served asset /active_admin/datepicker/datepicker-nipple.png - 200 OK (11ms)
Served asset /active_admin/datepicker/datepicker-header-bg.png - 200 OK (10ms)
Served asset /active_admin/datepicker/datepicker-prev-link-icon.png - 200 OK (8ms)
Served asset /active_admin/datepicker/datepicker-next-link-icon.png - 200 OK (8ms)
Processing by Admin::VotersController#new as HTML
  [1m[35mAdminUser Load (0.2ms)[0m  SELECT "admin_users".* FROM "admin_users" WHERE "admin_users"."id" = 1 LIMIT 1
  Rendered /Users/ericcumbee/.rvm/gems/ruby-1.9.3-p392/gems/activeadmin-0.6.0/app/views/active_admin/resource/new.html.arb (97.3ms)
Completed 200 OK in 126ms (Views: 102.1ms | ActiveRecord: 0.2ms)
Served asset /active_admin.js - 304 Not Modified (0ms)
Served asset /active_admin.css - 304 Not Modified (1ms)
Served asset /active_admin/print.css - 304 Not Modified (0ms)
Processing by Admin::VotersController#create as HTML
  Parameters: {"utf8"=>"✓", "authenticity_token"=>"rF/BB3s3kVHH0zsWP6gLL1T9VJYwCwc/fj8M5RtgTS8=", "voter"=>{"LastName"=>"Cumbe", "FirstName"=>"John", "MiddleName"=>"Eric", "SuffixName"=>"", "PrimaryAddress"=>"203A Courtney Way", "PrimaryCity"=>"Statesboro", "PrimaryState"=>"GA", "PrimaryZip"=>"30458", "PrimaryZip4"=>"1234", "PrimaryOddEvenCode"=>"O", "PrimaryPhone"=>"9124865593", "Gender"=>"M", "PartyCode"=>"R", "VoterScore"=>"4", "CDName"=>"12", "LDName"=>"141", "PrecinctNumber"=>"1", "PrecinctName"=>"Fair", "VoterKey"=>"2323239249", "HHRecId"=>"349394394939", "StateVoterId"=>"3493493943"}, "commit"=>"Create Voter"}
  [1m[36mAdminUser Load (0.2ms)[0m  [1mSELECT "admin_users".* FROM "admin_users" WHERE "admin_users"."id" = 1 LIMIT 1[0m
Completed 500 Internal Server Error in 4ms

ActiveModel::MassAssignmentSecurity::Error (Can't mass-assign protected attributes: LastName, FirstName, MiddleName, SuffixName, PrimaryAddress, PrimaryCity, PrimaryState, PrimaryZip, PrimaryZip4, PrimaryOddEvenCode, PrimaryPhone, Gender, PartyCode, VoterScore, CDName, LDName, PrecinctNumber, PrecinctName, VoterKey, HHRecId, StateVoterId):
  activemodel (3.2.13) lib/active_model/mass_assignment_security/sanitizer.rb:48:in `process_removed_attributes'
  activemodel (3.2.13) lib/active_model/mass_assignment_security/sanitizer.rb:20:in `debug_protected_attribute_removal'
  activemodel (3.2.13) lib/active_model/mass_assignment_security/sanitizer.rb:12:in `sanitize'
  activemodel (3.2.13) lib/active_model/mass_assignment_security.rb:230:in `sanitize_for_mass_assignment'
  activerecord (3.2.13) lib/active_record/attribute_assignment.rb:75:in `assign_attributes'
  activerecord (3.2.13) lib/active_record/base.rb:498:in `initialize'
  activeadmin (0.6.0) lib/active_admin/resource_controller/data_access.rb:141:in `new'
  activeadmin (0.6.0) lib/active_admin/resource_controller/data_access.rb:141:in `build_new_resource'
  activeadmin (0.6.0) lib/active_admin/resource_controller/data_access.rb:128:in `build_resource'
  inherited_resources (1.4.0) lib/inherited_resources/actions.rb:31:in `create'
  activeadmin (0.6.0) lib/active_admin/resource_controller/actions.rb:48:in `create'
  actionpack (3.2.13) lib/action_controller/metal/implicit_render.rb:4:in `send_action'
  actionpack (3.2.13) lib/abstract_controller/base.rb:167:in `process_action'
  actionpack (3.2.13) lib/action_controller/metal/rendering.rb:10:in `process_action'
  actionpack (3.2.13) lib/abstract_controller/callbacks.rb:18:in `block in process_action'
  activesupport (3.2.13) lib/active_support/callbacks.rb:447:in `_run__2279932615557559632__process_action__3056801773561403046__callbacks'
  activesupport (3.2.13) lib/active_support/callbacks.rb:405:in `__run_callback'
  activesupport (3.2.13) lib/active_support/callbacks.rb:385:in `_run_process_action_callbacks'
  activesupport (3.2.13) lib/active_support/callbacks.rb:81:in `run_callbacks'
  actionpack (3.2.13) lib/abstract_controller/callbacks.rb:17:in `process_action'
  actionpack (3.2.13) lib/action_controller/metal/rescue.rb:29:in `process_action'
  actionpack (3.2.13) lib/action_controller/metal/instrumentation.rb:30:in `block in process_action'
  activesupport (3.2.13) lib/active_support/notifications.rb:123:in `block in instrument'
  activesupport (3.2.13) lib/active_support/notifications/instrumenter.rb:20:in `instrument'
  activesupport (3.2.13) lib/active_support/notifications.rb:123:in `instrument'
  actionpack (3.2.13) lib/action_controller/metal/instrumentation.rb:29:in `process_action'
  actionpack (3.2.13) lib/action_controller/metal/params_wrapper.rb:207:in `process_action'
  activerecord (3.2.13) lib/active_record/railties/controller_runtime.rb:18:in `process_action'
  actionpack (3.2.13) lib/abstract_controller/base.rb:121:in `process'
  actionpack (3.2.13) lib/abstract_controller/rendering.rb:45:in `process'
  actionpack (3.2.13) lib/action_controller/metal.rb:203:in `dispatch'
  actionpack (3.2.13) lib/action_controller/metal/rack_delegation.rb:14:in `dispatch'
  actionpack (3.2.13) lib/action_controller/metal.rb:246:in `block in action'
  actionpack (3.2.13) lib/action_dispatch/routing/route_set.rb:73:in `call'
  actionpack (3.2.13) lib/action_dispatch/routing/route_set.rb:73:in `dispatch'
  actionpack (3.2.13) lib/action_dispatch/routing/route_set.rb:36:in `call'
  journey (1.0.4) lib/journey/router.rb:68:in `block in call'
  journey (1.0.4) lib/journey/router.rb:56:in `each'
  journey (1.0.4) lib/journey/router.rb:56:in `call'
  actionpack (3.2.13) lib/action_dispatch/routing/route_set.rb:612:in `call'
  warden (1.2.1) lib/warden/manager.rb:35:in `block in call'
  warden (1.2.1) lib/warden/manager.rb:34:in `catch'
  warden (1.2.1) lib/warden/manager.rb:34:in `call'
  actionpack (3.2.13) lib/action_dispatch/middleware/best_standards_support.rb:17:in `call'
  rack (1.4.5) lib/rack/etag.rb:23:in `call'
  rack (1.4.5) lib/rack/conditionalget.rb:35:in `call'
  actionpack (3.2.13) lib/action_dispatch/middleware/head.rb:14:in `call'
  actionpack (3.2.13) lib/action_dispatch/middleware/params_parser.rb:21:in `call'
  actionpack (3.2.13) lib/action_dispatch/middleware/flash.rb:242:in `call'
  rack (1.4.5) lib/rack/session/abstract/id.rb:210:in `context'
  rack (1.4.5) lib/rack/session/abstract/id.rb:205:in `call'
  actionpack (3.2.13) lib/action_dispatch/middleware/cookies.rb:341:in `call'
  activerecord (3.2.13) lib/active_record/query_cache.rb:64:in `call'
  activerecord (3.2.13) lib/active_record/connection_adapters/abstract/connection_pool.rb:479:in `call'
  actionpack (3.2.13) lib/action_dispatch/middleware/callbacks.rb:28:in `block in call'
  activesupport (3.2.13) lib/active_support/callbacks.rb:405:in `_run__2658474766390419683__call__1065611676642930803__callbacks'
  activesupport (3.2.13) lib/active_support/callbacks.rb:405:in `__run_callback'
  activesupport (3.2.13) lib/active_support/callbacks.rb:385:in `_run_call_callbacks'
  activesupport (3.2.13) lib/active_support/callbacks.rb:81:in `run_callbacks'
  actionpack (3.2.13) lib/action_dispatch/middleware/callbacks.rb:27:in `call'
  actionpack (3.2.13) lib/action_dispatch/middleware/reloader.rb:65:in `call'
  actionpack (3.2.13) lib/action_dispatch/middleware/remote_ip.rb:31:in `call'
  actionpack (3.2.13) lib/action_dispatch/middleware/debug_exceptions.rb:16:in `call'
  actionpack (3.2.13) lib/action_dispatch/middleware/show_exceptions.rb:56:in `call'
  railties (3.2.13) lib/rails/rack/logger.rb:32:in `call_app'
  railties (3.2.13) lib/rails/rack/logger.rb:18:in `call'
  actionpack (3.2.13) lib/action_dispatch/middleware/request_id.rb:22:in `call'
  rack (1.4.5) lib/rack/methodoverride.rb:21:in `call'
  rack (1.4.5) lib/rack/runtime.rb:17:in `call'
  activesupport (3.2.13) lib/active_support/cache/strategy/local_cache.rb:72:in `call'
  rack (1.4.5) lib/rack/lock.rb:15:in `call'
  actionpack (3.2.13) lib/action_dispatch/middleware/static.rb:63:in `call'
  railties (3.2.13) lib/rails/engine.rb:479:in `call'
  railties (3.2.13) lib/rails/application.rb:223:in `call'
  rack (1.4.5) lib/rack/content_length.rb:14:in `call'
  railties (3.2.13) lib/rails/rack/log_tailer.rb:17:in `call'
  rack (1.4.5) lib/rack/handler/webrick.rb:59:in `service'
  /Users/ericcumbee/.rvm/rubies/ruby-1.9.3-p392/lib/ruby/1.9.1/webrick/httpserver.rb:138:in `service'
  /Users/ericcumbee/.rvm/rubies/ruby-1.9.3-p392/lib/ruby/1.9.1/webrick/httpserver.rb:94:in `run'
  /Users/ericcumbee/.rvm/rubies/ruby-1.9.3-p392/lib/ruby/1.9.1/webrick/server.rb:191:in `block in start_thread'


  Rendered /Users/ericcumbee/.rvm/gems/ruby-1.9.3-p392/gems/actionpack-3.2.13/lib/action_dispatch/middleware/templates/rescues/_trace.erb (1.1ms)
  Rendered /Users/ericcumbee/.rvm/gems/ruby-1.9.3-p392/gems/actionpack-3.2.13/lib/action_dispatch/middleware/templates/rescues/_request_and_response.erb (1.6ms)
  Rendered /Users/ericcumbee/.rvm/gems/ruby-1.9.3-p392/gems/actionpack-3.2.13/lib/action_dispatch/middleware/templates/rescues/diagnostics.erb within rescues/layout (10.3ms)
Processing by Admin::VotersController#create as HTML
  Parameters: {"utf8"=>"✓", "authenticity_token"=>"rF/BB3s3kVHH0zsWP6gLL1T9VJYwCwc/fj8M5RtgTS8=", "voter"=>{"LastName"=>"Cumbe", "FirstName"=>"John", "MiddleName"=>"Eric", "SuffixName"=>"", "PrimaryAddress"=>"203A Courtney Way", "PrimaryCity"=>"Statesboro", "PrimaryState"=>"GA", "PrimaryZip"=>"30458", "PrimaryZip4"=>"1234", "PrimaryOddEvenCode"=>"O", "PrimaryPhone"=>"9124865593", "Gender"=>"M", "PartyCode"=>"R", "VoterScore"=>"4", "CDName"=>"12", "LDName"=>"141", "PrecinctNumber"=>"1", "PrecinctName"=>"Fair", "VoterKey"=>"2323239249", "HHRecId"=>"349394394939", "StateVoterId"=>"3493493943"}, "commit"=>"Create Voter"}
  [1m[35mAdminUser Load (0.2ms)[0m  SELECT "admin_users".* FROM "admin_users" WHERE "admin_users"."id" = 1 LIMIT 1
  [1m[36m (0.1ms)[0m  [1mbegin transaction[0m
  [1m[35mSQL (0.7ms)[0m  INSERT INTO "voters" ("CDName", "FirstName", "Gender", "HHRecId", "LDName", "LastName", "MiddleName", "PartyCode", "PrecinctName", "PrecinctNumber", "PrimaryAddress", "PrimaryCity", "PrimaryOddEvenCode", "PrimaryPhone", "PrimaryState", "PrimaryZip", "PrimaryZip4", "StateVoterId", "SuffixName", "VoterKey", "VoterScore", "created_at", "updated_at") VALUES (?, ?, ?, ?, ?, ?, ?, ?, ?, ?, ?, ?, ?, ?, ?, ?, ?, ?, ?, ?, ?, ?, ?)  [["CDName", "12"], ["FirstName", "John"], ["Gender", "M"], ["HHRecId", "349394394939"], ["LDName", "141"], ["LastName", "Cumbe"], ["MiddleName", "Eric"], ["PartyCode", "R"], ["PrecinctName", "Fair"], ["PrecinctNumber", "1"], ["PrimaryAddress", "203A Courtney Way"], ["PrimaryCity", "Statesboro"], ["PrimaryOddEvenCode", "O"], ["PrimaryPhone", "9124865593"], ["PrimaryState", "GA"], ["PrimaryZip", "30458"], ["PrimaryZip4", "1234"], ["StateVoterId", "3493493943"], ["SuffixName", ""], ["VoterKey", "2323239249"], ["VoterScore", "4"], ["created_at", Sun, 26 May 2013 00:23:02 UTC +00:00], ["updated_at", Sun, 26 May 2013 00:23:02 UTC +00:00]]
  [1m[36m (3.5ms)[0m  [1mcommit transaction[0m
Redirected to http://0.0.0.0:3000/admin/voters/1
Completed 302 Found in 80ms (ActiveRecord: 0.0ms)
Processing by Admin::VotersController#show as HTML
  Parameters: {"id"=>"1"}
  [1m[35mAdminUser Load (0.2ms)[0m  SELECT "admin_users".* FROM "admin_users" WHERE "admin_users"."id" = 1 LIMIT 1
  [1m[36mVoter Load (0.2ms)[0m  [1mSELECT "voters".* FROM "voters" WHERE "voters"."id" = ? LIMIT 1[0m  [["id", "1"]]
  [1m[35m (0.1ms)[0m  SELECT COUNT(*) FROM "active_admin_comments" WHERE "active_admin_comments"."resource_type" = 'Voter' AND "active_admin_comments"."resource_id" = '1' AND "active_admin_comments"."namespace" = 'admin'
  [1m[36mCACHE (0.0ms)[0m  [1mSELECT COUNT(*) FROM "active_admin_comments" WHERE "active_admin_comments"."resource_type" = 'Voter' AND "active_admin_comments"."resource_id" = '1' AND "active_admin_comments"."namespace" = 'admin'[0m
  Rendered /Users/ericcumbee/.rvm/gems/ruby-1.9.3-p392/gems/activeadmin-0.6.0/app/views/active_admin/resource/show.html.arb (186.4ms)
Completed 200 OK in 195ms (Views: 189.8ms | ActiveRecord: 0.8ms)
Served asset /active_admin.js - 304 Not Modified (0ms)
Served asset /active_admin.css - 304 Not Modified (1ms)
Served asset /active_admin/print.css - 304 Not Modified (0ms)
Served asset /rails.png - 304 Not Modified (0ms)
Processing by VotersController#show as JSON
  Parameters: {"id"=>"1"}
  [1m[35mVoter Load (0.1ms)[0m  SELECT "voters".* FROM "voters" WHERE "voters"."id" = ? LIMIT 1  [["id", "1"]]
Completed 200 OK in 6ms (Views: 0.9ms | ActiveRecord: 0.0ms)
Processing by VotersController#show as JSON
  Parameters: {"id"=>"1"}
  [1m[36mVoter Load (0.8ms)[0m  [1mSELECT "voters".* FROM "voters" WHERE "voters"."id" = ? LIMIT 1[0m  [["id", "1"]]
Completed 200 OK in 9ms (Views: 1.8ms | ActiveRecord: 0.0ms)
Processing by VotersController#show as JSON
  Parameters: {"id"=>"1"}
  [1m[35mVoter Load (0.1ms)[0m  SELECT "voters".* FROM "voters" WHERE "voters"."id" = ? LIMIT 1  [["id", "1"]]
Completed 200 OK in 6ms (Views: 1.3ms | ActiveRecord: 0.0ms)
Processing by VotersController#show as JSON
  Parameters: {"id"=>"1"}
  [1m[36mVoter Load (0.1ms)[0m  [1mSELECT "voters".* FROM "voters" WHERE "voters"."id" = ? LIMIT 1[0m  [["id", "1"]]
Completed 200 OK in 7ms (Views: 1.2ms | ActiveRecord: 0.0ms)
Processing by VotersController#show as JSON
  Parameters: {"id"=>"1"}
  [1m[35mVoter Load (0.2ms)[0m  SELECT "voters".* FROM "voters" WHERE "voters"."id" = ? LIMIT 1  [["id", "1"]]
Completed 200 OK in 29ms (Views: 0.9ms | ActiveRecord: 0.0ms)
Processing by VotersController#show as HTML
  Parameters: {"id"=>"1"}
  [1m[36mVoter Load (0.1ms)[0m  [1mSELECT "voters".* FROM "voters" WHERE "voters"."id" = ? LIMIT 1[0m  [["id", "1"]]
Completed 406 Not Acceptable in 1ms (ActiveRecord: 0.1ms)

AbstractController::ActionNotFound (The action 'index' could not be found for VotersController):
  actionpack (3.2.13) lib/abstract_controller/base.rb:116:in `process'
  actionpack (3.2.13) lib/abstract_controller/rendering.rb:45:in `process'
  actionpack (3.2.13) lib/action_controller/metal.rb:203:in `dispatch'
  actionpack (3.2.13) lib/action_controller/metal/rack_delegation.rb:14:in `dispatch'
  actionpack (3.2.13) lib/action_controller/metal.rb:246:in `block in action'
  actionpack (3.2.13) lib/action_dispatch/routing/route_set.rb:73:in `call'
  actionpack (3.2.13) lib/action_dispatch/routing/route_set.rb:73:in `dispatch'
  actionpack (3.2.13) lib/action_dispatch/routing/route_set.rb:36:in `call'
  journey (1.0.4) lib/journey/router.rb:68:in `block in call'
  journey (1.0.4) lib/journey/router.rb:56:in `each'
  journey (1.0.4) lib/journey/router.rb:56:in `call'
  actionpack (3.2.13) lib/action_dispatch/routing/route_set.rb:612:in `call'
  warden (1.2.1) lib/warden/manager.rb:35:in `block in call'
  warden (1.2.1) lib/warden/manager.rb:34:in `catch'
  warden (1.2.1) lib/warden/manager.rb:34:in `call'
  actionpack (3.2.13) lib/action_dispatch/middleware/best_standards_support.rb:17:in `call'
  rack (1.4.5) lib/rack/etag.rb:23:in `call'
  rack (1.4.5) lib/rack/conditionalget.rb:25:in `call'
  actionpack (3.2.13) lib/action_dispatch/middleware/head.rb:14:in `call'
  actionpack (3.2.13) lib/action_dispatch/middleware/params_parser.rb:21:in `call'
  actionpack (3.2.13) lib/action_dispatch/middleware/flash.rb:242:in `call'
  rack (1.4.5) lib/rack/session/abstract/id.rb:210:in `context'
  rack (1.4.5) lib/rack/session/abstract/id.rb:205:in `call'
  actionpack (3.2.13) lib/action_dispatch/middleware/cookies.rb:341:in `call'
  activerecord (3.2.13) lib/active_record/query_cache.rb:64:in `call'
  activerecord (3.2.13) lib/active_record/connection_adapters/abstract/connection_pool.rb:479:in `call'
  actionpack (3.2.13) lib/action_dispatch/middleware/callbacks.rb:28:in `block in call'
  activesupport (3.2.13) lib/active_support/callbacks.rb:405:in `_run__2658474766390419683__call__1065611676642930803__callbacks'
  activesupport (3.2.13) lib/active_support/callbacks.rb:405:in `__run_callback'
  activesupport (3.2.13) lib/active_support/callbacks.rb:385:in `_run_call_callbacks'
  activesupport (3.2.13) lib/active_support/callbacks.rb:81:in `run_callbacks'
  actionpack (3.2.13) lib/action_dispatch/middleware/callbacks.rb:27:in `call'
  actionpack (3.2.13) lib/action_dispatch/middleware/reloader.rb:65:in `call'
  actionpack (3.2.13) lib/action_dispatch/middleware/remote_ip.rb:31:in `call'
  actionpack (3.2.13) lib/action_dispatch/middleware/debug_exceptions.rb:16:in `call'
  actionpack (3.2.13) lib/action_dispatch/middleware/show_exceptions.rb:56:in `call'
  railties (3.2.13) lib/rails/rack/logger.rb:32:in `call_app'
  railties (3.2.13) lib/rails/rack/logger.rb:18:in `call'
  actionpack (3.2.13) lib/action_dispatch/middleware/request_id.rb:22:in `call'
  rack (1.4.5) lib/rack/methodoverride.rb:21:in `call'
  rack (1.4.5) lib/rack/runtime.rb:17:in `call'
  activesupport (3.2.13) lib/active_support/cache/strategy/local_cache.rb:72:in `call'
  rack (1.4.5) lib/rack/lock.rb:15:in `call'
  actionpack (3.2.13) lib/action_dispatch/middleware/static.rb:63:in `call'
  railties (3.2.13) lib/rails/engine.rb:479:in `call'
  railties (3.2.13) lib/rails/application.rb:223:in `call'
  rack (1.4.5) lib/rack/content_length.rb:14:in `call'
  railties (3.2.13) lib/rails/rack/log_tailer.rb:17:in `call'
  rack (1.4.5) lib/rack/handler/webrick.rb:59:in `service'
  /Users/ericcumbee/.rvm/rubies/ruby-1.9.3-p392/lib/ruby/1.9.1/webrick/httpserver.rb:138:in `service'
  /Users/ericcumbee/.rvm/rubies/ruby-1.9.3-p392/lib/ruby/1.9.1/webrick/httpserver.rb:94:in `run'
  /Users/ericcumbee/.rvm/rubies/ruby-1.9.3-p392/lib/ruby/1.9.1/webrick/server.rb:191:in `block in start_thread'


  Rendered /Users/ericcumbee/.rvm/gems/ruby-1.9.3-p392/gems/actionpack-3.2.13/lib/action_dispatch/middleware/templates/rescues/unknown_action.erb within rescues/layout (0.5ms)

AbstractController::ActionNotFound (The action 'index' could not be found for VotersController):
  actionpack (3.2.13) lib/abstract_controller/base.rb:116:in `process'
  actionpack (3.2.13) lib/abstract_controller/rendering.rb:45:in `process'
  actionpack (3.2.13) lib/action_controller/metal.rb:203:in `dispatch'
  actionpack (3.2.13) lib/action_controller/metal/rack_delegation.rb:14:in `dispatch'
  actionpack (3.2.13) lib/action_controller/metal.rb:246:in `block in action'
  actionpack (3.2.13) lib/action_dispatch/routing/route_set.rb:73:in `call'
  actionpack (3.2.13) lib/action_dispatch/routing/route_set.rb:73:in `dispatch'
  actionpack (3.2.13) lib/action_dispatch/routing/route_set.rb:36:in `call'
  journey (1.0.4) lib/journey/router.rb:68:in `block in call'
  journey (1.0.4) lib/journey/router.rb:56:in `each'
  journey (1.0.4) lib/journey/router.rb:56:in `call'
  actionpack (3.2.13) lib/action_dispatch/routing/route_set.rb:612:in `call'
  warden (1.2.1) lib/warden/manager.rb:35:in `block in call'
  warden (1.2.1) lib/warden/manager.rb:34:in `catch'
  warden (1.2.1) lib/warden/manager.rb:34:in `call'
  actionpack (3.2.13) lib/action_dispatch/middleware/best_standards_support.rb:17:in `call'
  rack (1.4.5) lib/rack/etag.rb:23:in `call'
  rack (1.4.5) lib/rack/conditionalget.rb:25:in `call'
  actionpack (3.2.13) lib/action_dispatch/middleware/head.rb:14:in `call'
  actionpack (3.2.13) lib/action_dispatch/middleware/params_parser.rb:21:in `call'
  actionpack (3.2.13) lib/action_dispatch/middleware/flash.rb:242:in `call'
  rack (1.4.5) lib/rack/session/abstract/id.rb:210:in `context'
  rack (1.4.5) lib/rack/session/abstract/id.rb:205:in `call'
  actionpack (3.2.13) lib/action_dispatch/middleware/cookies.rb:341:in `call'
  activerecord (3.2.13) lib/active_record/query_cache.rb:64:in `call'
  activerecord (3.2.13) lib/active_record/connection_adapters/abstract/connection_pool.rb:479:in `call'
  actionpack (3.2.13) lib/action_dispatch/middleware/callbacks.rb:28:in `block in call'
  activesupport (3.2.13) lib/active_support/callbacks.rb:405:in `_run__2658474766390419683__call__1065611676642930803__callbacks'
  activesupport (3.2.13) lib/active_support/callbacks.rb:405:in `__run_callback'
  activesupport (3.2.13) lib/active_support/callbacks.rb:385:in `_run_call_callbacks'
  activesupport (3.2.13) lib/active_support/callbacks.rb:81:in `run_callbacks'
  actionpack (3.2.13) lib/action_dispatch/middleware/callbacks.rb:27:in `call'
  actionpack (3.2.13) lib/action_dispatch/middleware/reloader.rb:65:in `call'
  actionpack (3.2.13) lib/action_dispatch/middleware/remote_ip.rb:31:in `call'
  actionpack (3.2.13) lib/action_dispatch/middleware/debug_exceptions.rb:16:in `call'
  actionpack (3.2.13) lib/action_dispatch/middleware/show_exceptions.rb:56:in `call'
  railties (3.2.13) lib/rails/rack/logger.rb:32:in `call_app'
  railties (3.2.13) lib/rails/rack/logger.rb:18:in `call'
  actionpack (3.2.13) lib/action_dispatch/middleware/request_id.rb:22:in `call'
  rack (1.4.5) lib/rack/methodoverride.rb:21:in `call'
  rack (1.4.5) lib/rack/runtime.rb:17:in `call'
  activesupport (3.2.13) lib/active_support/cache/strategy/local_cache.rb:72:in `call'
  rack (1.4.5) lib/rack/lock.rb:15:in `call'
  actionpack (3.2.13) lib/action_dispatch/middleware/static.rb:63:in `call'
  railties (3.2.13) lib/rails/engine.rb:479:in `call'
  railties (3.2.13) lib/rails/application.rb:223:in `call'
  rack (1.4.5) lib/rack/content_length.rb:14:in `call'
  railties (3.2.13) lib/rails/rack/log_tailer.rb:17:in `call'
  rack (1.4.5) lib/rack/handler/webrick.rb:59:in `service'
  /Users/ericcumbee/.rvm/rubies/ruby-1.9.3-p392/lib/ruby/1.9.1/webrick/httpserver.rb:138:in `service'
  /Users/ericcumbee/.rvm/rubies/ruby-1.9.3-p392/lib/ruby/1.9.1/webrick/httpserver.rb:94:in `run'
  /Users/ericcumbee/.rvm/rubies/ruby-1.9.3-p392/lib/ruby/1.9.1/webrick/server.rb:191:in `block in start_thread'


  Rendered /Users/ericcumbee/.rvm/gems/ruby-1.9.3-p392/gems/actionpack-3.2.13/lib/action_dispatch/middleware/templates/rescues/unknown_action.erb within rescues/layout (0.5ms)
Connecting to database specified by database.yml


Started GET "/assets/rails.png" for 127.0.0.1 at 2013-05-26 08:17:35 -0400
Served asset /rails.png - 304 Not Modified (3ms)


Started GET "/admin" for 127.0.0.1 at 2013-05-26 08:17:40 -0400
Processing by Admin::DashboardController#index as HTML
  [1m[36mAdminUser Load (0.6ms)[0m  [1mSELECT "admin_users".* FROM "admin_users" WHERE "admin_users"."id" = 1 LIMIT 1[0m
  Rendered /Users/ericcumbee/.rvm/gems/ruby-1.9.3-p392/gems/activeadmin-0.6.0/app/views/active_admin/page/index.html.arb (140.7ms)
Completed 200 OK in 206ms (Views: 177.5ms | ActiveRecord: 1.2ms)


Started GET "/assets/active_admin/print.css?body=1" for 127.0.0.1 at 2013-05-26 08:17:40 -0400
Served asset /active_admin/print.css - 304 Not Modified (4ms)


Started GET "/assets/active_admin.js" for 127.0.0.1 at 2013-05-26 08:17:40 -0400
Served asset /active_admin.js - 304 Not Modified (72ms)


Started GET "/assets/active_admin.css?body=1" for 127.0.0.1 at 2013-05-26 08:17:40 -0400
Served asset /active_admin.css - 304 Not Modified (11ms)


Started GET "/admin/voters" for 127.0.0.1 at 2013-05-26 08:17:42 -0400
Processing by Admin::VotersController#index as HTML
  [1m[35mAdminUser Load (0.2ms)[0m  SELECT "admin_users".* FROM "admin_users" WHERE "admin_users"."id" = 1 LIMIT 1
  [1m[36m (0.7ms)[0m  [1mSELECT COUNT(count_column) FROM (SELECT 1 AS count_column FROM "voters" LIMIT 30 OFFSET 0) subquery_for_count [0m
  [1m[35m (0.2ms)[0m  SELECT COUNT(*) FROM "voters" 
  [1m[36mCACHE (0.0ms)[0m  [1mSELECT COUNT(count_column) FROM (SELECT 1 AS count_column FROM "voters" LIMIT 30 OFFSET 0) subquery_for_count [0m
  [1m[35mVoter Load (0.2ms)[0m  SELECT "voters".* FROM "voters" ORDER BY "voters"."id" desc LIMIT 30 OFFSET 0
  Rendered /Users/ericcumbee/.rvm/gems/ruby-1.9.3-p392/gems/activeadmin-0.6.0/app/views/active_admin/resource/index.html.arb (839.7ms)
Completed 200 OK in 856ms (Views: 842.9ms | ActiveRecord: 1.6ms)


Started GET "/assets/active_admin.css?body=1" for 127.0.0.1 at 2013-05-26 08:17:43 -0400
Served asset /active_admin.css - 304 Not Modified (1ms)


Started GET "/assets/active_admin.js" for 127.0.0.1 at 2013-05-26 08:17:43 -0400
Served asset /active_admin.js - 304 Not Modified (0ms)


Started GET "/assets/active_admin/print.css?body=1" for 127.0.0.1 at 2013-05-26 08:17:43 -0400
Served asset /active_admin/print.css - 304 Not Modified (0ms)


Started GET "/assets/active_admin/orderable.png" for 127.0.0.1 at 2013-05-26 08:17:43 -0400
Served asset /active_admin/orderable.png - 200 OK (45ms)


Started GET "/assets/active_admin/datepicker/datepicker-input-icon.png" for 127.0.0.1 at 2013-05-26 08:17:43 -0400
Served asset /active_admin/datepicker/datepicker-input-icon.png - 304 Not Modified (4ms)


Started POST "/admin/voters/batch_action" for 127.0.0.1 at 2013-05-26 08:17:48 -0400
Processing by Admin::VotersController#batch_action as HTML
  Parameters: {"utf8"=>"✓", "authenticity_token"=>"rF/BB3s3kVHH0zsWP6gLL1T9VJYwCwc/fj8M5RtgTS8=", "batch_action"=>"destroy", "collection_selection_toggle_all"=>"on", "collection_selection"=>["1"]}
  [1m[36mAdminUser Load (0.2ms)[0m  [1mSELECT "admin_users".* FROM "admin_users" WHERE "admin_users"."id" = 1 LIMIT 1[0m
  [1m[35mVoter Load (0.3ms)[0m  SELECT "voters".* FROM "voters" WHERE "voters"."id" = ? LIMIT 1  [["id", "1"]]
  [1m[36m (0.1ms)[0m  [1mbegin transaction[0m
  [1m[35mSQL (5.3ms)[0m  DELETE FROM "voters" WHERE "voters"."id" = ?  [["id", 1]]
  [1m[36m (8.7ms)[0m  [1mcommit transaction[0m
Redirected to http://0.0.0.0:3000/admin/voters
Completed 302 Found in 23ms (ActiveRecord: 14.6ms)


Started GET "/admin/voters" for 127.0.0.1 at 2013-05-26 08:17:48 -0400
Processing by Admin::VotersController#index as HTML
  [1m[35mAdminUser Load (0.2ms)[0m  SELECT "admin_users".* FROM "admin_users" WHERE "admin_users"."id" = 1 LIMIT 1
  [1m[36m (0.3ms)[0m  [1mSELECT COUNT(count_column) FROM (SELECT 1 AS count_column FROM "voters" LIMIT 30 OFFSET 0) subquery_for_count [0m
  Rendered /Users/ericcumbee/.rvm/gems/ruby-1.9.3-p392/gems/activeadmin-0.6.0/app/views/active_admin/resource/index.html.arb (603.9ms)
Completed 200 OK in 611ms (Views: 608.0ms | ActiveRecord: 0.5ms)


Started GET "/assets/active_admin.css?body=1" for 127.0.0.1 at 2013-05-26 08:17:49 -0400
Served asset /active_admin.css - 304 Not Modified (1ms)


Started GET "/assets/active_admin.js" for 127.0.0.1 at 2013-05-26 08:17:49 -0400
Served asset /active_admin.js - 304 Not Modified (0ms)


Started GET "/assets/active_admin/print.css?body=1" for 127.0.0.1 at 2013-05-26 08:17:49 -0400
Served asset /active_admin/print.css - 304 Not Modified (0ms)


Started GET "/admin/voters/import" for 127.0.0.1 at 2013-05-26 08:17:50 -0400
Processing by Admin::VotersController#import as HTML
  [1m[35mAdminUser Load (0.2ms)[0m  SELECT "admin_users".* FROM "admin_users" WHERE "admin_users"."id" = 1 LIMIT 1
  Rendered /Users/ericcumbee/.rvm/gems/ruby-1.9.3-p392/gems/active_admin_import-2.0.0/app/views/admin/import.html.erb within layouts/active_admin (18.1ms)
Completed 200 OK in 86ms (Views: 82.9ms | ActiveRecord: 0.2ms)


Started GET "/assets/active_admin.js" for 127.0.0.1 at 2013-05-26 08:17:50 -0400
Served asset /active_admin.js - 304 Not Modified (1ms)


Started GET "/assets/active_admin.css?body=1" for 127.0.0.1 at 2013-05-26 08:17:50 -0400
Served asset /active_admin.css - 304 Not Modified (1ms)


Started GET "/assets/active_admin/print.css?body=1" for 127.0.0.1 at 2013-05-26 08:17:50 -0400
Served asset /active_admin/print.css - 304 Not Modified (0ms)


Started POST "/admin/voters/do_import" for 127.0.0.1 at 2013-05-26 08:17:57 -0400
Processing by Admin::VotersController#do_import as HTML
  Parameters: {"utf8"=>"✓", "authenticity_token"=>"rF/BB3s3kVHH0zsWP6gLL1T9VJYwCwc/fj8M5RtgTS8=", "active_admin_import_model"=>{"file"=>#<ActionDispatch::Http::UploadedFile:0x007f8e89abd5a0 @original_filename="MyExport.csv", @content_type="text/csv", @headers="Content-Disposition: form-data; name=\"active_admin_import_model[file]\"; filename=\"MyExport.csv\"\r\nContent-Type: text/csv\r\n", @tempfile=#<File:/var/folders/qp/109pfywj2_l5fvzsdsrz_7rh0000gn/T/RackMultipart20130526-81651-drnam6>>}, "commit"=>"Import"}
  [1m[36mAdminUser Load (0.2ms)[0m  [1mSELECT "admin_users".* FROM "admin_users" WHERE "admin_users"."id" = 1 LIMIT 1[0m
  [1m[35mSQL (6.1ms)[0m  DELETE FROM "voters"
Redirected to http://0.0.0.0:3000/admin/voters
Completed 302 Found in 334ms (ActiveRecord: 6.3ms)


Started GET "/admin/voters" for 127.0.0.1 at 2013-05-26 08:17:57 -0400
Processing by Admin::VotersController#index as HTML
  [1m[36mAdminUser Load (0.2ms)[0m  [1mSELECT "admin_users".* FROM "admin_users" WHERE "admin_users"."id" = 1 LIMIT 1[0m
  [1m[35m (0.3ms)[0m  SELECT COUNT(count_column) FROM (SELECT 1 AS count_column FROM "voters" LIMIT 30 OFFSET 0) subquery_for_count 
  Rendered /Users/ericcumbee/.rvm/gems/ruby-1.9.3-p392/gems/activeadmin-0.6.0/app/views/active_admin/resource/index.html.arb (466.9ms)
Completed 200 OK in 473ms (Views: 470.2ms | ActiveRecord: 0.5ms)


Started GET "/assets/active_admin.css?body=1" for 127.0.0.1 at 2013-05-26 08:17:58 -0400
Served asset /active_admin.css - 304 Not Modified (1ms)


Started GET "/assets/active_admin.js" for 127.0.0.1 at 2013-05-26 08:17:58 -0400
Served asset /active_admin.js - 304 Not Modified (0ms)


Started GET "/assets/active_admin/print.css?body=1" for 127.0.0.1 at 2013-05-26 08:17:58 -0400
Served asset /active_admin/print.css - 304 Not Modified (0ms)


Started GET "/admin/voters/import" for 127.0.0.1 at 2013-05-26 08:18:48 -0400
Processing by Admin::VotersController#import as HTML
  [1m[36mAdminUser Load (0.2ms)[0m  [1mSELECT "admin_users".* FROM "admin_users" WHERE "admin_users"."id" = 1 LIMIT 1[0m
  Rendered /Users/ericcumbee/.rvm/gems/ruby-1.9.3-p392/gems/active_admin_import-2.0.0/app/views/admin/import.html.erb within layouts/active_admin (5.3ms)
Completed 200 OK in 103ms (Views: 70.0ms | ActiveRecord: 0.3ms)


Started GET "/assets/active_admin.js" for 127.0.0.1 at 2013-05-26 08:18:48 -0400
Served asset /active_admin.js - 304 Not Modified (0ms)


Started GET "/assets/active_admin.css?body=1" for 127.0.0.1 at 2013-05-26 08:18:48 -0400
Served asset /active_admin.css - 304 Not Modified (1ms)


Started GET "/assets/active_admin/print.css?body=1" for 127.0.0.1 at 2013-05-26 08:18:48 -0400
Served asset /active_admin/print.css - 304 Not Modified (0ms)


Started POST "/admin/voters/do_import" for 127.0.0.1 at 2013-05-26 08:18:56 -0400
Processing by Admin::VotersController#do_import as HTML
  Parameters: {"utf8"=>"✓", "authenticity_token"=>"rF/BB3s3kVHH0zsWP6gLL1T9VJYwCwc/fj8M5RtgTS8=", "active_admin_import_model"=>{"file"=>#<ActionDispatch::Http::UploadedFile:0x007f8e8b686160 @original_filename="MyExport.csv", @content_type="text/csv", @headers="Content-Disposition: form-data; name=\"active_admin_import_model[file]\"; filename=\"MyExport.csv\"\r\nContent-Type: text/csv\r\n", @tempfile=#<File:/var/folders/qp/109pfywj2_l5fvzsdsrz_7rh0000gn/T/RackMultipart20130526-81651-ita9bd>>}, "commit"=>"Import"}
  [1m[35mAdminUser Load (0.2ms)[0m  SELECT "admin_users".* FROM "admin_users" WHERE "admin_users"."id" = 1 LIMIT 1
  [1m[36mSQL (2.5ms)[0m  [1mDELETE FROM "voters"[0m
Redirected to http://0.0.0.0:3000/admin/voters
Completed 302 Found in 369ms (ActiveRecord: 2.6ms)


Started GET "/admin/voters" for 127.0.0.1 at 2013-05-26 08:18:56 -0400
Processing by Admin::VotersController#index as HTML
  [1m[35mAdminUser Load (0.2ms)[0m  SELECT "admin_users".* FROM "admin_users" WHERE "admin_users"."id" = 1 LIMIT 1
  [1m[36m (0.2ms)[0m  [1mSELECT COUNT(count_column) FROM (SELECT 1 AS count_column FROM "voters" LIMIT 30 OFFSET 0) subquery_for_count [0m
  Rendered /Users/ericcumbee/.rvm/gems/ruby-1.9.3-p392/gems/activeadmin-0.6.0/app/views/active_admin/resource/index.html.arb (429.6ms)
Completed 200 OK in 459ms (Views: 433.3ms | ActiveRecord: 0.6ms)


Started GET "/assets/active_admin.js" for 127.0.0.1 at 2013-05-26 08:18:57 -0400
Served asset /active_admin.js - 304 Not Modified (0ms)


Started GET "/assets/active_admin.css?body=1" for 127.0.0.1 at 2013-05-26 08:18:57 -0400
Served asset /active_admin.css - 304 Not Modified (1ms)


Started GET "/assets/active_admin/print.css?body=1" for 127.0.0.1 at 2013-05-26 08:18:57 -0400
Served asset /active_admin/print.css - 304 Not Modified (0ms)


Started GET "/admin/voters/import" for 127.0.0.1 at 2013-05-26 08:19:41 -0400
Processing by Admin::VotersController#import as HTML
  [1m[35mAdminUser Load (0.2ms)[0m  SELECT "admin_users".* FROM "admin_users" WHERE "admin_users"."id" = 1 LIMIT 1
  Rendered /Users/ericcumbee/.rvm/gems/ruby-1.9.3-p392/gems/active_admin_import-2.0.0/app/views/admin/import.html.erb within layouts/active_admin (6.1ms)
Completed 200 OK in 102ms (Views: 67.3ms | ActiveRecord: 0.3ms)


Started GET "/assets/active_admin.css?body=1" for 127.0.0.1 at 2013-05-26 08:19:41 -0400
Served asset /active_admin.css - 304 Not Modified (2ms)


Started GET "/assets/active_admin.js" for 127.0.0.1 at 2013-05-26 08:19:41 -0400
Served asset /active_admin.js - 304 Not Modified (0ms)


Started GET "/assets/active_admin/print.css?body=1" for 127.0.0.1 at 2013-05-26 08:19:41 -0400
Served asset /active_admin/print.css - 304 Not Modified (0ms)


Started POST "/admin/voters/do_import" for 127.0.0.1 at 2013-05-26 08:19:48 -0400
Processing by Admin::VotersController#do_import as HTML
  Parameters: {"utf8"=>"✓", "authenticity_token"=>"rF/BB3s3kVHH0zsWP6gLL1T9VJYwCwc/fj8M5RtgTS8=", "active_admin_import_model"=>{"file"=>#<ActionDispatch::Http::UploadedFile:0x007f8e8b65fba0 @original_filename="MyExport.csv", @content_type="text/csv", @headers="Content-Disposition: form-data; name=\"active_admin_import_model[file]\"; filename=\"MyExport.csv\"\r\nContent-Type: text/csv\r\n", @tempfile=#<File:/var/folders/qp/109pfywj2_l5fvzsdsrz_7rh0000gn/T/RackMultipart20130526-81651-a0prfd>>}, "commit"=>"Import"}
  [1m[36mAdminUser Load (0.3ms)[0m  [1mSELECT "admin_users".* FROM "admin_users" WHERE "admin_users"."id" = 1 LIMIT 1[0m
  [1m[35mSQL (2.7ms)[0m  DELETE FROM "voters"
Redirected to http://0.0.0.0:3000/admin/voters
Completed 302 Found in 391ms (ActiveRecord: 3.0ms)


Started GET "/admin/voters" for 127.0.0.1 at 2013-05-26 08:19:49 -0400
Processing by Admin::VotersController#index as HTML
  [1m[36mAdminUser Load (0.2ms)[0m  [1mSELECT "admin_users".* FROM "admin_users" WHERE "admin_users"."id" = 1 LIMIT 1[0m
  [1m[35m (0.2ms)[0m  SELECT COUNT(count_column) FROM (SELECT 1 AS count_column FROM "voters" LIMIT 30 OFFSET 0) subquery_for_count 
  Rendered /Users/ericcumbee/.rvm/gems/ruby-1.9.3-p392/gems/activeadmin-0.6.0/app/views/active_admin/resource/index.html.arb (437.7ms)
Completed 200 OK in 446ms (Views: 441.1ms | ActiveRecord: 0.7ms)


Started GET "/assets/active_admin.css?body=1" for 127.0.0.1 at 2013-05-26 08:19:49 -0400
Served asset /active_admin.css - 304 Not Modified (1ms)


Started GET "/assets/active_admin.js" for 127.0.0.1 at 2013-05-26 08:19:49 -0400
Served asset /active_admin.js - 304 Not Modified (0ms)


Started GET "/assets/active_admin/print.css?body=1" for 127.0.0.1 at 2013-05-26 08:19:49 -0400
Served asset /active_admin/print.css - 304 Not Modified (0ms)
Connecting to database specified by database.yml


Started GET "/admin/voters/import" for 127.0.0.1 at 2013-05-26 08:21:02 -0400
Processing by Admin::VotersController#import as HTML
  [1m[36mAdminUser Load (0.1ms)[0m  [1mSELECT "admin_users".* FROM "admin_users" WHERE "admin_users"."id" = 1 LIMIT 1[0m
  Rendered /Users/ericcumbee/.rvm/gems/ruby-1.9.3-p392/gems/active_admin_import-2.0.0/app/views/admin/import.html.erb within layouts/active_admin (108.4ms)
Completed 200 OK in 244ms (Views: 217.6ms | ActiveRecord: 0.7ms)


Started GET "/assets/active_admin.css?body=1" for 127.0.0.1 at 2013-05-26 08:21:02 -0400
Served asset /active_admin.css - 304 Not Modified (14ms)


Started GET "/assets/active_admin.js" for 127.0.0.1 at 2013-05-26 08:21:02 -0400
Served asset /active_admin.js - 304 Not Modified (19ms)


Started GET "/assets/active_admin/print.css?body=1" for 127.0.0.1 at 2013-05-26 08:21:02 -0400
Served asset /active_admin/print.css - 304 Not Modified (38ms)


Started POST "/admin/voters/do_import" for 127.0.0.1 at 2013-05-26 08:21:09 -0400
Processing by Admin::VotersController#do_import as HTML
  Parameters: {"utf8"=>"✓", "authenticity_token"=>"rF/BB3s3kVHH0zsWP6gLL1T9VJYwCwc/fj8M5RtgTS8=", "active_admin_import_model"=>{"file"=>#<ActionDispatch::Http::UploadedFile:0x007fa8fab4e5b0 @original_filename="MyExport.csv", @content_type="text/csv", @headers="Content-Disposition: form-data; name=\"active_admin_import_model[file]\"; filename=\"MyExport.csv\"\r\nContent-Type: text/csv\r\n", @tempfile=#<File:/var/folders/qp/109pfywj2_l5fvzsdsrz_7rh0000gn/T/RackMultipart20130526-83220-u9e64d>>}, "commit"=>"Import"}
  [1m[35mAdminUser Load (0.3ms)[0m  SELECT "admin_users".* FROM "admin_users" WHERE "admin_users"."id" = 1 LIMIT 1
  [1m[36mSQL (4.2ms)[0m  [1mDELETE FROM "voters"[0m
Redirected to http://0.0.0.0:3000/admin/voters
Completed 302 Found in 422ms (ActiveRecord: 4.5ms)


Started GET "/admin/voters" for 127.0.0.1 at 2013-05-26 08:21:09 -0400
Processing by Admin::VotersController#index as HTML
  [1m[35mAdminUser Load (0.3ms)[0m  SELECT "admin_users".* FROM "admin_users" WHERE "admin_users"."id" = 1 LIMIT 1
  [1m[36m (0.2ms)[0m  [1mSELECT COUNT(count_column) FROM (SELECT 1 AS count_column FROM "voters" LIMIT 30 OFFSET 0) subquery_for_count [0m
  Rendered /Users/ericcumbee/.rvm/gems/ruby-1.9.3-p392/gems/activeadmin-0.6.0/app/views/active_admin/resource/index.html.arb (624.7ms)
Completed 200 OK in 638ms (Views: 627.6ms | ActiveRecord: 0.7ms)


Started GET "/assets/active_admin.css?body=1" for 127.0.0.1 at 2013-05-26 08:21:10 -0400
Served asset /active_admin.css - 304 Not Modified (1ms)


Started GET "/assets/active_admin.js" for 127.0.0.1 at 2013-05-26 08:21:10 -0400
Served asset /active_admin.js - 304 Not Modified (0ms)


Started GET "/assets/active_admin/print.css?body=1" for 127.0.0.1 at 2013-05-26 08:21:10 -0400
Served asset /active_admin/print.css - 304 Not Modified (0ms)


Started GET "/admin/voters/import" for 127.0.0.1 at 2013-05-26 08:23:58 -0400

SyntaxError (/Users/ericcumbee/Desktop/phonebankapp/app/admin/voters.rb:9: syntax error, unexpected tCONSTANT, expecting keyword_end
...eVoterId"=>"StateVoterId"} Hash[Voter.column_names.zip(Voter...
...                               ^):
  config/routes.rb:4:in `block in <top (required)>'
  config/routes.rb:1:in `<top (required)>'


  Rendered /Users/ericcumbee/.rvm/gems/ruby-1.9.3-p392/gems/actionpack-3.2.13/lib/action_dispatch/middleware/templates/rescues/_trace.erb (1.2ms)
  Rendered /Users/ericcumbee/.rvm/gems/ruby-1.9.3-p392/gems/actionpack-3.2.13/lib/action_dispatch/middleware/templates/rescues/_request_and_response.erb (1.1ms)
  Rendered /Users/ericcumbee/.rvm/gems/ruby-1.9.3-p392/gems/actionpack-3.2.13/lib/action_dispatch/middleware/templates/rescues/diagnostics.erb within rescues/layout (12.5ms)


Started GET "/admin/voters/import" for 127.0.0.1 at 2013-05-26 08:24:31 -0400
Processing by Admin::VotersController#import as HTML
  [1m[35mAdminUser Load (0.2ms)[0m  SELECT "admin_users".* FROM "admin_users" WHERE "admin_users"."id" = 1 LIMIT 1
  Rendered /Users/ericcumbee/.rvm/gems/ruby-1.9.3-p392/gems/active_admin_import-2.0.0/app/views/admin/import.html.erb within layouts/active_admin (5.2ms)
Completed 200 OK in 127ms (Views: 39.1ms | ActiveRecord: 0.3ms)


Started GET "/assets/active_admin.css?body=1" for 127.0.0.1 at 2013-05-26 08:24:32 -0400
Served asset /active_admin.css - 304 Not Modified (2ms)


Started GET "/assets/active_admin.js" for 127.0.0.1 at 2013-05-26 08:24:32 -0400
Served asset /active_admin.js - 304 Not Modified (0ms)


Started GET "/assets/active_admin/print.css?body=1" for 127.0.0.1 at 2013-05-26 08:24:32 -0400
Served asset /active_admin/print.css - 304 Not Modified (0ms)


Started GET "/admin" for 127.0.0.1 at 2013-05-26 09:09:50 -0400
Processing by Admin::DashboardController#index as HTML
  [1m[36mAdminUser Load (0.1ms)[0m  [1mSELECT "admin_users".* FROM "admin_users" WHERE "admin_users"."id" = 1 LIMIT 1[0m
  Rendered /Users/ericcumbee/.rvm/gems/ruby-1.9.3-p392/gems/activeadmin-0.6.0/app/views/active_admin/page/index.html.arb (28.9ms)
Completed 200 OK in 66ms (Views: 34.5ms | ActiveRecord: 0.3ms)


Started GET "/assets/active_admin.css?body=1" for 127.0.0.1 at 2013-05-26 09:09:50 -0400
Served asset /active_admin.css - 304 Not Modified (1ms)


Started GET "/assets/active_admin.js" for 127.0.0.1 at 2013-05-26 09:09:50 -0400
Served asset /active_admin.js - 304 Not Modified (0ms)


Started GET "/assets/active_admin/print.css?body=1" for 127.0.0.1 at 2013-05-26 09:09:50 -0400
Served asset /active_admin/print.css - 304 Not Modified (0ms)


Started GET "/admin/voters" for 127.0.0.1 at 2013-05-26 09:09:53 -0400
Processing by Admin::VotersController#index as HTML
  [1m[35mAdminUser Load (0.2ms)[0m  SELECT "admin_users".* FROM "admin_users" WHERE "admin_users"."id" = 1 LIMIT 1
  [1m[36m (0.2ms)[0m  [1mSELECT COUNT(count_column) FROM (SELECT 1 AS count_column FROM "voters" LIMIT 30 OFFSET 0) subquery_for_count [0m
  Rendered /Users/ericcumbee/.rvm/gems/ruby-1.9.3-p392/gems/activeadmin-0.6.0/app/views/active_admin/resource/index.html.arb (571.8ms)
Completed 200 OK in 582ms (Views: 577.0ms | ActiveRecord: 0.5ms)


Started GET "/assets/active_admin.css?body=1" for 127.0.0.1 at 2013-05-26 09:09:53 -0400
Served asset /active_admin.css - 304 Not Modified (2ms)


Started GET "/assets/active_admin.js" for 127.0.0.1 at 2013-05-26 09:09:53 -0400
Served asset /active_admin.js - 304 Not Modified (0ms)


Started GET "/assets/active_admin/print.css?body=1" for 127.0.0.1 at 2013-05-26 09:09:53 -0400
Served asset /active_admin/print.css - 304 Not Modified (0ms)


Started GET "/assets/active_admin/datepicker/datepicker-input-icon.png" for 127.0.0.1 at 2013-05-26 09:09:53 -0400
Served asset /active_admin/datepicker/datepicker-input-icon.png - 304 Not Modified (4ms)


Started GET "/admin/voters/import" for 127.0.0.1 at 2013-05-26 09:09:55 -0400
Processing by Admin::VotersController#import as HTML
  [1m[35mAdminUser Load (0.2ms)[0m  SELECT "admin_users".* FROM "admin_users" WHERE "admin_users"."id" = 1 LIMIT 1
  Rendered /Users/ericcumbee/.rvm/gems/ruby-1.9.3-p392/gems/active_admin_import-2.0.0/app/views/admin/import.html.erb within layouts/active_admin (4.6ms)
Completed 200 OK in 42ms (Views: 38.6ms | ActiveRecord: 0.2ms)


Started GET "/assets/active_admin.css?body=1" for 127.0.0.1 at 2013-05-26 09:09:56 -0400
Served asset /active_admin.css - 304 Not Modified (2ms)


Started GET "/assets/active_admin.js" for 127.0.0.1 at 2013-05-26 09:09:56 -0400
Served asset /active_admin.js - 304 Not Modified (0ms)


Started GET "/assets/active_admin/print.css?body=1" for 127.0.0.1 at 2013-05-26 09:09:56 -0400
Served asset /active_admin/print.css - 304 Not Modified (0ms)


Started POST "/admin/voters/do_import" for 127.0.0.1 at 2013-05-26 09:10:01 -0400
Processing by Admin::VotersController#do_import as HTML
  Parameters: {"utf8"=>"✓", "authenticity_token"=>"rF/BB3s3kVHH0zsWP6gLL1T9VJYwCwc/fj8M5RtgTS8=", "active_admin_import_model"=>{"file"=>#<ActionDispatch::Http::UploadedFile:0x007fa8fb3a9890 @original_filename="MyExport.csv", @content_type="text/csv", @headers="Content-Disposition: form-data; name=\"active_admin_import_model[file]\"; filename=\"MyExport.csv\"\r\nContent-Type: text/csv\r\n", @tempfile=#<File:/var/folders/qp/109pfywj2_l5fvzsdsrz_7rh0000gn/T/RackMultipart20130526-83220-w3to39>>}, "commit"=>"Import"}
  [1m[36mAdminUser Load (0.2ms)[0m  [1mSELECT "admin_users".* FROM "admin_users" WHERE "admin_users"."id" = 1 LIMIT 1[0m
  [1m[35mSQL (5.9ms)[0m  DELETE FROM "voters"
Redirected to http://0.0.0.0:3000/admin/voters
Completed 302 Found in 361ms (ActiveRecord: 6.1ms)


Started GET "/admin/voters" for 127.0.0.1 at 2013-05-26 09:10:02 -0400
Processing by Admin::VotersController#index as HTML
  [1m[36mAdminUser Load (0.2ms)[0m  [1mSELECT "admin_users".* FROM "admin_users" WHERE "admin_users"."id" = 1 LIMIT 1[0m
  [1m[35m (0.2ms)[0m  SELECT COUNT(count_column) FROM (SELECT 1 AS count_column FROM "voters" LIMIT 30 OFFSET 0) subquery_for_count 
  Rendered /Users/ericcumbee/.rvm/gems/ruby-1.9.3-p392/gems/activeadmin-0.6.0/app/views/active_admin/resource/index.html.arb (491.0ms)
Completed 200 OK in 496ms (Views: 493.7ms | ActiveRecord: 0.4ms)


Started GET "/assets/active_admin.js" for 127.0.0.1 at 2013-05-26 09:10:02 -0400
Served asset /active_admin.js - 304 Not Modified (0ms)


Started GET "/assets/active_admin.css?body=1" for 127.0.0.1 at 2013-05-26 09:10:02 -0400
Served asset /active_admin.css - 304 Not Modified (2ms)


Started GET "/assets/active_admin/print.css?body=1" for 127.0.0.1 at 2013-05-26 09:10:02 -0400
Served asset /active_admin/print.css - 304 Not Modified (0ms)
